[2026-06-29T02:49:09.571+0000] {local_task_job_runner.py:123} INFO - ::group::Pre task execution logs
[2026-06-29T02:49:09.593+0000] {taskinstance.py:2603} INFO - Dependencies all met for dep_context=non-requeueable deps ti=<TaskInstance: banking_fraud_pipeline.transform manual__2026-06-29T02:48:51.478747+00:00 [queued]>
[2026-06-29T02:49:09.602+0000] {taskinstance.py:2603} INFO - Dependencies all met for dep_context=requeueable deps ti=<TaskInstance: banking_fraud_pipeline.transform manual__2026-06-29T02:48:51.478747+00:00 [queued]>
[2026-06-29T02:49:09.603+0000] {taskinstance.py:2856} INFO - Starting attempt 1 of 2
[2026-06-29T02:49:09.632+0000] {taskinstance.py:2879} INFO - Executing <Task(PythonOperator): transform> on 2026-06-29 02:48:51.478747+00:00
[2026-06-29T02:49:09.758+0000] {logging_mixin.py:190} WARNING - /home/airflow/.local/lib/python3.12/site-packages/airflow/task/task_runner/standard_task_runner.py:70 DeprecationWarning: This process (pid=200) is multi-threaded, use of fork() may lead to deadlocks in the child.
[2026-06-29T02:49:09.758+0000] {standard_task_runner.py:104} INFO - Running: ['airflow', 'tasks', 'run', 'banking_fraud_pipeline', 'transform', 'manual__2026-06-29T02:48:51.478747+00:00', '--job-id', '21', '--raw', '--subdir', 'DAGS_FOLDER/banking_fraud_pipeline_dag.py', '--cfg-path', '/tmp/tmpuyj7ble9']
[2026-06-29T02:49:09.760+0000] {standard_task_runner.py:72} INFO - Started process 202 to run task
[2026-06-29T02:49:09.761+0000] {standard_task_runner.py:105} INFO - Job 21: Subtask transform
[2026-06-29T02:49:11.099+0000] {task_command.py:467} INFO - Running <TaskInstance: banking_fraud_pipeline.transform manual__2026-06-29T02:48:51.478747+00:00 [running]> on host 5cf24bcfc6d8
[2026-06-29T02:49:11.350+0000] {taskinstance.py:3122} INFO - Exporting env vars: AIRFLOW_CTX_DAG_OWNER='abhinav' AIRFLOW_CTX_DAG_ID='banking_fraud_pipeline' AIRFLOW_CTX_TASK_ID='transform' AIRFLOW_CTX_EXECUTION_DATE='2026-06-29T02:48:51.478747+00:00' AIRFLOW_CTX_TRY_NUMBER='1' AIRFLOW_CTX_DAG_RUN_ID='manual__2026-06-29T02:48:51.478747+00:00'
[2026-06-29T02:49:11.354+0000] {taskinstance.py:731} INFO - ::endgroup::
[2026-06-29T02:49:11.387+0000] {transform.py:9} INFO - Starting transformation layer
[2026-06-29T02:49:11.423+0000] {transform.py:66} INFO - Transformation completed
[2026-06-29T02:49:11.725+0000] {python.py:240} INFO - Done. Returned value was: None
[2026-06-29T02:49:11.742+0000] {taskinstance.py:340} INFO - ::group::Post task execution logs
[2026-06-29T02:49:11.743+0000] {taskinstance.py:352} INFO - Marking task as SUCCESS. dag_id=banking_fraud_pipeline, task_id=transform, run_id=manual__2026-06-29T02:48:51.478747+00:00, execution_date=20260629T024851, start_date=20260629T024909, end_date=20260629T024911
[2026-06-29T02:49:11.786+0000] {local_task_job_runner.py:261} INFO - Task exited with return code 0
[2026-06-29T02:49:11.988+0000] {taskinstance.py:3891} INFO - 0 downstream tasks scheduled from follow-on schedule check
[2026-06-29T02:49:11.991+0000] {local_task_job_runner.py:240} INFO - ::endgroup::
