[2026-06-29T02:57:50.373+0000] {local_task_job_runner.py:123} INFO - ::group::Pre task execution logs
[2026-06-29T02:57:50.396+0000] {taskinstance.py:2603} INFO - Dependencies all met for dep_context=non-requeueable deps ti=<TaskInstance: banking_fraud_pipeline.load manual__2026-06-29T02:57:36.619702+00:00 [queued]>
[2026-06-29T02:57:50.410+0000] {taskinstance.py:2603} INFO - Dependencies all met for dep_context=requeueable deps ti=<TaskInstance: banking_fraud_pipeline.load manual__2026-06-29T02:57:36.619702+00:00 [queued]>
[2026-06-29T02:57:50.412+0000] {taskinstance.py:2856} INFO - Starting attempt 1 of 2
[2026-06-29T02:57:50.486+0000] {taskinstance.py:2879} INFO - Executing <Task(PythonOperator): load> on 2026-06-29 02:57:36.619702+00:00
[2026-06-29T02:57:50.497+0000] {logging_mixin.py:190} WARNING - /home/airflow/.local/lib/python3.12/site-packages/airflow/task/task_runner/standard_task_runner.py:70 DeprecationWarning: This process (pid=204) is multi-threaded, use of fork() may lead to deadlocks in the child.
[2026-06-29T02:57:50.499+0000] {standard_task_runner.py:72} INFO - Started process 206 to run task
[2026-06-29T02:57:50.497+0000] {standard_task_runner.py:104} INFO - Running: ['airflow', 'tasks', 'run', 'banking_fraud_pipeline', 'load', 'manual__2026-06-29T02:57:36.619702+00:00', '--job-id', '29', '--raw', '--subdir', 'DAGS_FOLDER/banking_fraud_pipeline_dag.py', '--cfg-path', '/tmp/tmpd4wz1noh']
[2026-06-29T02:57:50.501+0000] {standard_task_runner.py:105} INFO - Job 29: Subtask load
[2026-06-29T02:57:50.583+0000] {task_command.py:467} INFO - Running <TaskInstance: banking_fraud_pipeline.load manual__2026-06-29T02:57:36.619702+00:00 [running]> on host 5cf24bcfc6d8
[2026-06-29T02:57:50.690+0000] {taskinstance.py:3122} INFO - Exporting env vars: AIRFLOW_CTX_DAG_OWNER='abhinav' AIRFLOW_CTX_DAG_ID='banking_fraud_pipeline' AIRFLOW_CTX_TASK_ID='load' AIRFLOW_CTX_EXECUTION_DATE='2026-06-29T02:57:36.619702+00:00' AIRFLOW_CTX_TRY_NUMBER='1' AIRFLOW_CTX_DAG_RUN_ID='manual__2026-06-29T02:57:36.619702+00:00'
[2026-06-29T02:57:50.692+0000] {taskinstance.py:731} INFO - ::endgroup::
[2026-06-29T02:57:50.713+0000] {load.py:43} INFO - Loading data to PostgreSQL
[2026-06-29T02:57:50.713+0000] {logging_mixin.py:190} INFO - USER=bank_user
[2026-06-29T02:57:50.714+0000] {logging_mixin.py:190} INFO - PASSWORD=***
[2026-06-29T02:57:50.715+0000] {logging_mixin.py:190} INFO - HOST=postgres
[2026-06-29T02:57:50.715+0000] {logging_mixin.py:190} INFO - PORT=5432
[2026-06-29T02:57:50.715+0000] {logging_mixin.py:190} INFO - DB=banking_db
[2026-06-29T02:57:50.716+0000] {logging_mixin.py:190} INFO - postgresql://bank_user:***@postgres:5432/banking_db
[2026-06-29T02:57:51.246+0000] {load.py:89} INFO - 15 records upserted
[2026-06-29T02:57:51.246+0000] {load.py:96} INFO - Saving parquet partitions
[2026-06-29T02:57:51.407+0000] {load.py:120} INFO - Parquet storage completed
[2026-06-29T02:57:51.423+0000] {airflow_tasks.py:72} INFO - Intermediate files cleaned successfully
[2026-06-29T02:57:51.424+0000] {python.py:240} INFO - Done. Returned value was: None
[2026-06-29T02:57:51.441+0000] {taskinstance.py:340} INFO - ::group::Post task execution logs
[2026-06-29T02:57:51.442+0000] {taskinstance.py:352} INFO - Marking task as SUCCESS. dag_id=banking_fraud_pipeline, task_id=load, run_id=manual__2026-06-29T02:57:36.619702+00:00, execution_date=20260629T025736, start_date=20260629T025750, end_date=20260629T025751
[2026-06-29T02:57:51.489+0000] {local_task_job_runner.py:261} INFO - Task exited with return code 0
[2026-06-29T02:57:51.515+0000] {taskinstance.py:3891} INFO - 0 downstream tasks scheduled from follow-on schedule check
[2026-06-29T02:57:51.518+0000] {local_task_job_runner.py:240} INFO - ::endgroup::
