[2026-06-30T02:45:31.840+0000] {local_task_job_runner.py:123} INFO - ::group::Pre task execution logs
[2026-06-30T02:45:31.867+0000] {taskinstance.py:2603} INFO - Dependencies all met for dep_context=non-requeueable deps ti=<TaskInstance: banking_fraud_pipeline.fraud_detection manual__2026-06-30T02:43:09.825999+00:00 [queued]>
[2026-06-30T02:45:31.877+0000] {taskinstance.py:2603} INFO - Dependencies all met for dep_context=requeueable deps ti=<TaskInstance: banking_fraud_pipeline.fraud_detection manual__2026-06-30T02:43:09.825999+00:00 [queued]>
[2026-06-30T02:45:31.877+0000] {taskinstance.py:2856} INFO - Starting attempt 1 of 2
[2026-06-30T02:45:31.887+0000] {taskinstance.py:2879} INFO - Executing <Task(PythonOperator): fraud_detection> on 2026-06-30 02:43:09.825999+00:00
[2026-06-30T02:45:32.016+0000] {logging_mixin.py:190} WARNING - /home/airflow/.local/lib/python3.12/site-packages/airflow/task/task_runner/standard_task_runner.py:70 DeprecationWarning: This process (pid=2404) is multi-threaded, use of fork() may lead to deadlocks in the child.
[2026-06-30T02:45:32.019+0000] {standard_task_runner.py:72} INFO - Started process 2406 to run task
[2026-06-30T02:45:32.016+0000] {standard_task_runner.py:104} INFO - Running: ['airflow', 'tasks', 'run', 'banking_fraud_pipeline', 'fraud_detection', 'manual__2026-06-30T02:43:09.825999+00:00', '--job-id', '42', '--raw', '--subdir', 'DAGS_FOLDER/banking_fraud_pipeline_dag.py', '--cfg-path', '/tmp/tmpubso82m2']
[2026-06-30T02:45:32.021+0000] {standard_task_runner.py:105} INFO - Job 42: Subtask fraud_detection
[2026-06-30T02:45:32.096+0000] {task_command.py:467} INFO - Running <TaskInstance: banking_fraud_pipeline.fraud_detection manual__2026-06-30T02:43:09.825999+00:00 [running]> on host 436f876ddd92
[2026-06-30T02:45:32.239+0000] {taskinstance.py:3122} INFO - Exporting env vars: AIRFLOW_CTX_DAG_OWNER='abhinav' AIRFLOW_CTX_DAG_ID='banking_fraud_pipeline' AIRFLOW_CTX_TASK_ID='fraud_detection' AIRFLOW_CTX_EXECUTION_DATE='2026-06-30T02:43:09.825999+00:00' AIRFLOW_CTX_TRY_NUMBER='1' AIRFLOW_CTX_DAG_RUN_ID='manual__2026-06-30T02:43:09.825999+00:00'
[2026-06-30T02:45:32.240+0000] {taskinstance.py:731} INFO - ::endgroup::
[2026-06-30T02:45:32.278+0000] {fraud_rules.py:8} INFO - Starting fraud detection
[2026-06-30T02:45:32.398+0000] {fraud_rules.py:153} INFO - Total Fraud Transactions: 8
[2026-06-30T02:45:32.398+0000] {fraud_rules.py:158} INFO - Fraud detection completed
[2026-06-30T02:45:32.399+0000] {fraud_rules.py:160} INFO - High Risk Transaction: 0
[2026-06-30T02:45:32.426+0000] {python.py:240} INFO - Done. Returned value was: None
[2026-06-30T02:45:32.439+0000] {taskinstance.py:340} INFO - ::group::Post task execution logs
[2026-06-30T02:45:32.440+0000] {taskinstance.py:352} INFO - Marking task as SUCCESS. dag_id=banking_fraud_pipeline, task_id=fraud_detection, run_id=manual__2026-06-30T02:43:09.825999+00:00, execution_date=20260630T024309, start_date=20260630T024531, end_date=20260630T024532
[2026-06-30T02:45:32.478+0000] {local_task_job_runner.py:261} INFO - Task exited with return code 0
[2026-06-30T02:45:32.502+0000] {taskinstance.py:3891} INFO - 1 downstream tasks scheduled from follow-on schedule check
[2026-06-30T02:45:32.504+0000] {local_task_job_runner.py:240} INFO - ::endgroup::
