[2026-06-29T23:26:44.766+0000] {local_task_job_runner.py:123} INFO - ::group::Pre task execution logs
[2026-06-29T23:26:44.792+0000] {taskinstance.py:2603} INFO - Dependencies all met for dep_context=non-requeueable deps ti=<TaskInstance: banking_fraud_pipeline.load manual__2026-06-29T23:26:30.994658+00:00 [queued]>
[2026-06-29T23:26:44.807+0000] {taskinstance.py:2603} INFO - Dependencies all met for dep_context=requeueable deps ti=<TaskInstance: banking_fraud_pipeline.load manual__2026-06-29T23:26:30.994658+00:00 [queued]>
[2026-06-29T23:26:44.808+0000] {taskinstance.py:2856} INFO - Starting attempt 1 of 2
[2026-06-29T23:26:44.827+0000] {taskinstance.py:2879} INFO - Executing <Task(PythonOperator): load> on 2026-06-29 23:26:30.994658+00:00
[2026-06-29T23:26:44.868+0000] {logging_mixin.py:190} WARNING - /home/airflow/.local/lib/python3.12/site-packages/airflow/task/task_runner/standard_task_runner.py:70 DeprecationWarning: This process (pid=396) is multi-threaded, use of fork() may lead to deadlocks in the child.
[2026-06-29T23:26:44.867+0000] {standard_task_runner.py:104} INFO - Running: ['airflow', 'tasks', 'run', 'banking_fraud_pipeline', 'load', 'manual__2026-06-29T23:26:30.994658+00:00', '--job-id', '38', '--raw', '--subdir', 'DAGS_FOLDER/banking_fraud_pipeline_dag.py', '--cfg-path', '/tmp/tmp7c1ff1nx']
[2026-06-29T23:26:44.871+0000] {standard_task_runner.py:72} INFO - Started process 398 to run task
[2026-06-29T23:26:44.872+0000] {standard_task_runner.py:105} INFO - Job 38: Subtask load
[2026-06-29T23:26:44.992+0000] {task_command.py:467} INFO - Running <TaskInstance: banking_fraud_pipeline.load manual__2026-06-29T23:26:30.994658+00:00 [running]> on host 436f876ddd92
[2026-06-29T23:26:45.104+0000] {taskinstance.py:3122} INFO - Exporting env vars: AIRFLOW_CTX_DAG_OWNER='abhinav' AIRFLOW_CTX_DAG_ID='banking_fraud_pipeline' AIRFLOW_CTX_TASK_ID='load' AIRFLOW_CTX_EXECUTION_DATE='2026-06-29T23:26:30.994658+00:00' AIRFLOW_CTX_TRY_NUMBER='1' AIRFLOW_CTX_DAG_RUN_ID='manual__2026-06-29T23:26:30.994658+00:00'
[2026-06-29T23:26:45.105+0000] {taskinstance.py:731} INFO - ::endgroup::
[2026-06-29T23:26:45.168+0000] {load.py:43} INFO - Loading data to PostgreSQL
[2026-06-29T23:26:45.170+0000] {logging_mixin.py:190} INFO - USER=bank_user
[2026-06-29T23:26:45.172+0000] {logging_mixin.py:190} INFO - PASSWORD=***
[2026-06-29T23:26:45.182+0000] {logging_mixin.py:190} INFO - HOST=postgres
[2026-06-29T23:26:45.183+0000] {logging_mixin.py:190} INFO - PORT=5432
[2026-06-29T23:26:45.186+0000] {logging_mixin.py:190} INFO - DB=banking_db
[2026-06-29T23:26:45.187+0000] {logging_mixin.py:190} INFO - postgresql://bank_user:***@postgres:5432/banking_db
[2026-06-29T23:26:45.253+0000] {load.py:89} INFO - 15 records upserted
[2026-06-29T23:26:45.254+0000] {load.py:93} INFO - Loading fraud transactions table
[2026-06-29T23:26:45.275+0000] {load.py:108} INFO - 8 fraud records loaded
[2026-06-29T23:26:45.276+0000] {load.py:115} INFO - Saving parquet partitions
[2026-06-29T23:26:45.731+0000] {load.py:139} INFO - Parquet storage completed
[2026-06-29T23:26:45.749+0000] {airflow_tasks.py:72} INFO - Intermediate files cleaned successfully
[2026-06-29T23:26:45.749+0000] {python.py:240} INFO - Done. Returned value was: None
[2026-06-29T23:26:45.844+0000] {taskinstance.py:340} INFO - ::group::Post task execution logs
[2026-06-29T23:26:45.846+0000] {taskinstance.py:352} INFO - Marking task as SUCCESS. dag_id=banking_fraud_pipeline, task_id=load, run_id=manual__2026-06-29T23:26:30.994658+00:00, execution_date=20260629T232630, start_date=20260629T232644, end_date=20260629T232645
[2026-06-29T23:26:45.869+0000] {local_task_job_runner.py:261} INFO - Task exited with return code 0
[2026-06-29T23:26:45.894+0000] {taskinstance.py:3891} INFO - 0 downstream tasks scheduled from follow-on schedule check
[2026-06-29T23:26:45.896+0000] {local_task_job_runner.py:240} INFO - ::endgroup::
