[2026-06-29T23:26:38.418+0000] {local_task_job_runner.py:123} INFO - ::group::Pre task execution logs
[2026-06-29T23:26:38.439+0000] {taskinstance.py:2603} INFO - Dependencies all met for dep_context=non-requeueable deps ti=<TaskInstance: banking_fraud_pipeline.deduplicate manual__2026-06-29T23:26:30.994658+00:00 [queued]>
[2026-06-29T23:26:38.451+0000] {taskinstance.py:2603} INFO - Dependencies all met for dep_context=requeueable deps ti=<TaskInstance: banking_fraud_pipeline.deduplicate manual__2026-06-29T23:26:30.994658+00:00 [queued]>
[2026-06-29T23:26:38.452+0000] {taskinstance.py:2856} INFO - Starting attempt 1 of 2
[2026-06-29T23:26:38.464+0000] {taskinstance.py:2879} INFO - Executing <Task(PythonOperator): deduplicate> on 2026-06-29 23:26:30.994658+00:00
[2026-06-29T23:26:38.476+0000] {logging_mixin.py:190} WARNING - /home/airflow/.local/lib/python3.12/site-packages/airflow/task/task_runner/standard_task_runner.py:70 DeprecationWarning: This process (pid=378) is multi-threaded, use of fork() may lead to deadlocks in the child.
[2026-06-29T23:26:38.478+0000] {standard_task_runner.py:72} INFO - Started process 380 to run task
[2026-06-29T23:26:38.476+0000] {standard_task_runner.py:104} INFO - Running: ['airflow', 'tasks', 'run', 'banking_fraud_pipeline', 'deduplicate', 'manual__2026-06-29T23:26:30.994658+00:00', '--job-id', '35', '--raw', '--subdir', 'DAGS_FOLDER/banking_fraud_pipeline_dag.py', '--cfg-path', '/tmp/tmpgeo6l1zj']
[2026-06-29T23:26:38.479+0000] {standard_task_runner.py:105} INFO - Job 35: Subtask deduplicate
[2026-06-29T23:26:38.554+0000] {task_command.py:467} INFO - Running <TaskInstance: banking_fraud_pipeline.deduplicate manual__2026-06-29T23:26:30.994658+00:00 [running]> on host 436f876ddd92
[2026-06-29T23:26:38.665+0000] {taskinstance.py:3122} INFO - Exporting env vars: AIRFLOW_CTX_DAG_OWNER='abhinav' AIRFLOW_CTX_DAG_ID='banking_fraud_pipeline' AIRFLOW_CTX_TASK_ID='deduplicate' AIRFLOW_CTX_EXECUTION_DATE='2026-06-29T23:26:30.994658+00:00' AIRFLOW_CTX_TRY_NUMBER='1' AIRFLOW_CTX_DAG_RUN_ID='manual__2026-06-29T23:26:30.994658+00:00'
[2026-06-29T23:26:38.668+0000] {taskinstance.py:731} INFO - ::endgroup::
[2026-06-29T23:26:38.691+0000] {deduplicate.py:9} INFO - Starting deduplication process
[2026-06-29T23:26:38.787+0000] {deduplicate.py:38} INFO - Duplicate rows removed: 1
[2026-06-29T23:26:38.794+0000] {python.py:240} INFO - Done. Returned value was: None
[2026-06-29T23:26:38.809+0000] {taskinstance.py:340} INFO - ::group::Post task execution logs
[2026-06-29T23:26:38.810+0000] {taskinstance.py:352} INFO - Marking task as SUCCESS. dag_id=banking_fraud_pipeline, task_id=deduplicate, run_id=manual__2026-06-29T23:26:30.994658+00:00, execution_date=20260629T232630, start_date=20260629T232638, end_date=20260629T232638
[2026-06-29T23:26:38.855+0000] {local_task_job_runner.py:261} INFO - Task exited with return code 0
[2026-06-29T23:26:38.891+0000] {taskinstance.py:3891} INFO - 1 downstream tasks scheduled from follow-on schedule check
[2026-06-29T23:26:38.893+0000] {local_task_job_runner.py:240} INFO - ::endgroup::
