[2026-06-29T02:49:13.629+0000] {local_task_job_runner.py:123} INFO - ::group::Pre task execution logs
[2026-06-29T02:49:13.670+0000] {taskinstance.py:2603} INFO - Dependencies all met for dep_context=non-requeueable deps ti=<TaskInstance: banking_fraud_pipeline.load manual__2026-06-29T02:48:51.478747+00:00 [queued]>
[2026-06-29T02:49:13.684+0000] {taskinstance.py:2603} INFO - Dependencies all met for dep_context=requeueable deps ti=<TaskInstance: banking_fraud_pipeline.load manual__2026-06-29T02:48:51.478747+00:00 [queued]>
[2026-06-29T02:49:13.685+0000] {taskinstance.py:2856} INFO - Starting attempt 1 of 2
[2026-06-29T02:49:13.703+0000] {taskinstance.py:2879} INFO - Executing <Task(PythonOperator): load> on 2026-06-29 02:48:51.478747+00:00
[2026-06-29T02:49:13.713+0000] {logging_mixin.py:190} WARNING - /home/airflow/.local/lib/python3.12/site-packages/airflow/task/task_runner/standard_task_runner.py:70 DeprecationWarning: This process (pid=204) is multi-threaded, use of fork() may lead to deadlocks in the child.
[2026-06-29T02:49:13.713+0000] {standard_task_runner.py:104} INFO - Running: ['airflow', 'tasks', 'run', 'banking_fraud_pipeline', 'load', 'manual__2026-06-29T02:48:51.478747+00:00', '--job-id', '22', '--raw', '--subdir', 'DAGS_FOLDER/banking_fraud_pipeline_dag.py', '--cfg-path', '/tmp/tmp4h1ha2rr']
[2026-06-29T02:49:13.715+0000] {standard_task_runner.py:72} INFO - Started process 206 to run task
[2026-06-29T02:49:13.715+0000] {standard_task_runner.py:105} INFO - Job 22: Subtask load
[2026-06-29T02:49:14.234+0000] {task_command.py:467} INFO - Running <TaskInstance: banking_fraud_pipeline.load manual__2026-06-29T02:48:51.478747+00:00 [running]> on host 5cf24bcfc6d8
[2026-06-29T02:49:14.345+0000] {taskinstance.py:3122} INFO - Exporting env vars: AIRFLOW_CTX_DAG_OWNER='abhinav' AIRFLOW_CTX_DAG_ID='banking_fraud_pipeline' AIRFLOW_CTX_TASK_ID='load' AIRFLOW_CTX_EXECUTION_DATE='2026-06-29T02:48:51.478747+00:00' AIRFLOW_CTX_TRY_NUMBER='1' AIRFLOW_CTX_DAG_RUN_ID='manual__2026-06-29T02:48:51.478747+00:00'
[2026-06-29T02:49:14.346+0000] {taskinstance.py:731} INFO - ::endgroup::
[2026-06-29T02:49:14.368+0000] {load.py:43} INFO - Loading data to PostgreSQL
[2026-06-29T02:49:14.369+0000] {logging_mixin.py:190} INFO - USER=bank_user
[2026-06-29T02:49:14.369+0000] {logging_mixin.py:190} INFO - PASSWORD=***
[2026-06-29T02:49:14.370+0000] {logging_mixin.py:190} INFO - HOST=postgres
[2026-06-29T02:49:14.371+0000] {logging_mixin.py:190} INFO - PORT=5432
[2026-06-29T02:49:14.371+0000] {logging_mixin.py:190} INFO - DB=banking_db
[2026-06-29T02:49:14.371+0000] {logging_mixin.py:190} INFO - postgresql://bank_user:***@postgres:5432/banking_db
[2026-06-29T02:49:15.603+0000] {load.py:89} INFO - 15 records upserted
[2026-06-29T02:49:15.604+0000] {load.py:96} INFO - Saving parquet partitions
[2026-06-29T02:49:16.874+0000] {load.py:120} INFO - Parquet storage completed
[2026-06-29T02:49:16.876+0000] {python.py:240} INFO - Done. Returned value was: None
[2026-06-29T02:49:16.996+0000] {taskinstance.py:340} INFO - ::group::Post task execution logs
[2026-06-29T02:49:16.996+0000] {taskinstance.py:352} INFO - Marking task as SUCCESS. dag_id=banking_fraud_pipeline, task_id=load, run_id=manual__2026-06-29T02:48:51.478747+00:00, execution_date=20260629T024851, start_date=20260629T024913, end_date=20260629T024916
[2026-06-29T02:49:17.054+0000] {local_task_job_runner.py:261} INFO - Task exited with return code 0
[2026-06-29T02:49:17.078+0000] {taskinstance.py:3891} INFO - 0 downstream tasks scheduled from follow-on schedule check
[2026-06-29T02:49:17.080+0000] {local_task_job_runner.py:240} INFO - ::endgroup::
