[2026-06-29T23:26:40.651+0000] {local_task_job_runner.py:123} INFO - ::group::Pre task execution logs
[2026-06-29T23:26:40.673+0000] {taskinstance.py:2603} INFO - Dependencies all met for dep_context=non-requeueable deps ti=<TaskInstance: banking_fraud_pipeline.fraud_detection manual__2026-06-29T23:26:30.994658+00:00 [queued]>
[2026-06-29T23:26:40.687+0000] {taskinstance.py:2603} INFO - Dependencies all met for dep_context=requeueable deps ti=<TaskInstance: banking_fraud_pipeline.fraud_detection manual__2026-06-29T23:26:30.994658+00:00 [queued]>
[2026-06-29T23:26:40.688+0000] {taskinstance.py:2856} INFO - Starting attempt 1 of 2
[2026-06-29T23:26:40.702+0000] {taskinstance.py:2879} INFO - Executing <Task(PythonOperator): fraud_detection> on 2026-06-29 23:26:30.994658+00:00
[2026-06-29T23:26:40.731+0000] {logging_mixin.py:190} WARNING - /home/airflow/.local/lib/python3.12/site-packages/airflow/task/task_runner/standard_task_runner.py:70 DeprecationWarning: This process (pid=382) is multi-threaded, use of fork() may lead to deadlocks in the child.
[2026-06-29T23:26:40.733+0000] {standard_task_runner.py:72} INFO - Started process 384 to run task
[2026-06-29T23:26:40.731+0000] {standard_task_runner.py:104} INFO - Running: ['airflow', 'tasks', 'run', 'banking_fraud_pipeline', 'fraud_detection', 'manual__2026-06-29T23:26:30.994658+00:00', '--job-id', '36', '--raw', '--subdir', 'DAGS_FOLDER/banking_fraud_pipeline_dag.py', '--cfg-path', '/tmp/tmparibmrun']
[2026-06-29T23:26:40.735+0000] {standard_task_runner.py:105} INFO - Job 36: Subtask fraud_detection
[2026-06-29T23:26:40.823+0000] {task_command.py:467} INFO - Running <TaskInstance: banking_fraud_pipeline.fraud_detection manual__2026-06-29T23:26:30.994658+00:00 [running]> on host 436f876ddd92
[2026-06-29T23:26:40.969+0000] {taskinstance.py:3122} INFO - Exporting env vars: AIRFLOW_CTX_DAG_OWNER='abhinav' AIRFLOW_CTX_DAG_ID='banking_fraud_pipeline' AIRFLOW_CTX_TASK_ID='fraud_detection' AIRFLOW_CTX_EXECUTION_DATE='2026-06-29T23:26:30.994658+00:00' AIRFLOW_CTX_TRY_NUMBER='1' AIRFLOW_CTX_DAG_RUN_ID='manual__2026-06-29T23:26:30.994658+00:00'
[2026-06-29T23:26:40.972+0000] {taskinstance.py:731} INFO - ::endgroup::
[2026-06-29T23:26:41.013+0000] {fraud_rules.py:8} INFO - Starting fraud detection
[2026-06-29T23:26:41.057+0000] {fraud_rules.py:153} INFO - Total Fraud Transactions: 8
[2026-06-29T23:26:41.058+0000] {fraud_rules.py:158} INFO - Fraud detection completed
[2026-06-29T23:26:41.058+0000] {fraud_rules.py:160} INFO - High Risk Transaction: 0
[2026-06-29T23:26:41.065+0000] {python.py:240} INFO - Done. Returned value was: None
[2026-06-29T23:26:41.084+0000] {taskinstance.py:340} INFO - ::group::Post task execution logs
[2026-06-29T23:26:41.085+0000] {taskinstance.py:352} INFO - Marking task as SUCCESS. dag_id=banking_fraud_pipeline, task_id=fraud_detection, run_id=manual__2026-06-29T23:26:30.994658+00:00, execution_date=20260629T232630, start_date=20260629T232640, end_date=20260629T232641
[2026-06-29T23:26:41.111+0000] {local_task_job_runner.py:261} INFO - Task exited with return code 0
[2026-06-29T23:26:41.142+0000] {taskinstance.py:3891} INFO - 1 downstream tasks scheduled from follow-on schedule check
[2026-06-29T23:26:41.145+0000] {local_task_job_runner.py:240} INFO - ::endgroup::
