[2026-06-28T23:54:30.482+0000] {local_task_job_runner.py:123} INFO - ::group::Pre task execution logs
[2026-06-28T23:54:30.693+0000] {taskinstance.py:2603} INFO - Dependencies all met for dep_context=non-requeueable deps ti=<TaskInstance: banking_fraud_pipeline.run_pipeline manual__2026-06-28T23:54:26.435065+00:00 [queued]>
[2026-06-28T23:54:30.704+0000] {taskinstance.py:2603} INFO - Dependencies all met for dep_context=requeueable deps ti=<TaskInstance: banking_fraud_pipeline.run_pipeline manual__2026-06-28T23:54:26.435065+00:00 [queued]>
[2026-06-28T23:54:30.705+0000] {taskinstance.py:2856} INFO - Starting attempt 1 of 2
[2026-06-28T23:54:30.722+0000] {taskinstance.py:2879} INFO - Executing <Task(PythonOperator): run_pipeline> on 2026-06-28 23:54:26.435065+00:00
[2026-06-28T23:54:31.504+0000] {logging_mixin.py:190} WARNING - /home/airflow/.local/lib/python3.12/site-packages/airflow/task/task_runner/standard_task_runner.py:70 DeprecationWarning: This process (pid=191) is multi-threaded, use of fork() may lead to deadlocks in the child.
[2026-06-28T23:54:31.525+0000] {standard_task_runner.py:104} INFO - Running: ['airflow', 'tasks', 'run', 'banking_fraud_pipeline', 'run_pipeline', 'manual__2026-06-28T23:54:26.435065+00:00', '--job-id', '14', '--raw', '--subdir', 'DAGS_FOLDER/banking_fraud_pipeline_dag.py', '--cfg-path', '/tmp/tmp2puzj58l']
[2026-06-28T23:54:31.755+0000] {standard_task_runner.py:72} INFO - Started process 193 to run task
[2026-06-28T23:54:31.756+0000] {standard_task_runner.py:105} INFO - Job 14: Subtask run_pipeline
[2026-06-28T23:54:37.313+0000] {task_command.py:467} INFO - Running <TaskInstance: banking_fraud_pipeline.run_pipeline manual__2026-06-28T23:54:26.435065+00:00 [running]> on host 5cf24bcfc6d8
[2026-06-28T23:54:37.499+0000] {taskinstance.py:3122} INFO - Exporting env vars: AIRFLOW_CTX_DAG_OWNER='abhinav' AIRFLOW_CTX_DAG_ID='banking_fraud_pipeline' AIRFLOW_CTX_TASK_ID='run_pipeline' AIRFLOW_CTX_EXECUTION_DATE='2026-06-28T23:54:26.435065+00:00' AIRFLOW_CTX_TRY_NUMBER='1' AIRFLOW_CTX_DAG_RUN_ID='manual__2026-06-28T23:54:26.435065+00:00'
[2026-06-28T23:54:37.554+0000] {taskinstance.py:731} INFO - ::endgroup::
[2026-06-28T23:54:37.939+0000] {extract.py:14} INFO - Starting extraction process
[2026-06-28T23:54:38.000+0000] {extract.py:23} INFO - Found 2 files
[2026-06-28T23:54:38.001+0000] {extract.py:29} INFO - Reading file: transactions_2026_01_01.csv
[2026-06-28T23:54:38.044+0000] {extract.py:33} INFO - transactions_2026_01_01.csv contains 10 records
[2026-06-28T23:54:38.044+0000] {extract.py:29} INFO - Reading file: transactions_2026_01_02.csv
[2026-06-28T23:54:38.049+0000] {extract.py:33} INFO - transactions_2026_01_02.csv contains 10 records
[2026-06-28T23:54:38.050+0000] {extract.py:44} INFO - Total records extracted: 20
[2026-06-28T23:54:38.051+0000] {validate.py:11} INFO - Starting validation
[2026-06-28T23:54:38.202+0000] {validate.py:138} INFO - Valid records: 16
[2026-06-28T23:54:38.220+0000] {validate.py:142} INFO - Rejected records: 4
[2026-06-28T23:54:38.352+0000] {deduplicate.py:9} INFO - Starting deduplication process
[2026-06-28T23:54:38.397+0000] {deduplicate.py:38} INFO - Duplicate rows removed: 1
[2026-06-28T23:54:38.397+0000] {fraud_rules.py:8} INFO - Starting fraud detection
[2026-06-28T23:54:38.424+0000] {fraud_rules.py:153} INFO - Total Fraud Transactions: 8
[2026-06-28T23:54:38.424+0000] {fraud_rules.py:158} INFO - Fraud detection completed
[2026-06-28T23:54:38.425+0000] {fraud_rules.py:160} INFO - High Risk Transaction: 0
[2026-06-28T23:54:38.425+0000] {transform.py:9} INFO - Starting transformation layer
[2026-06-28T23:54:38.428+0000] {transform.py:66} INFO - Transformation completed
[2026-06-28T23:54:38.428+0000] {load.py:43} INFO - Loading data to PostgreSQL
[2026-06-28T23:54:38.429+0000] {logging_mixin.py:190} INFO - USER=bank_user
[2026-06-28T23:54:38.429+0000] {logging_mixin.py:190} INFO - PASSWORD=***
[2026-06-28T23:54:38.430+0000] {logging_mixin.py:190} INFO - HOST=postgres
[2026-06-28T23:54:38.430+0000] {logging_mixin.py:190} INFO - PORT=5432
[2026-06-28T23:54:38.430+0000] {logging_mixin.py:190} INFO - DB=banking_db
[2026-06-28T23:54:38.463+0000] {logging_mixin.py:190} INFO - postgresql://bank_user:***@postgres:5432/banking_db
[2026-06-28T23:54:38.523+0000] {load.py:89} INFO - 15 records upserted
[2026-06-28T23:54:38.524+0000] {load.py:96} INFO - Saving parquet partitions
[2026-06-28T23:54:38.864+0000] {load.py:120} INFO - Parquet storage completed
[2026-06-28T23:54:38.865+0000] {logging_mixin.py:190} INFO - Pipeline completed successfully
[2026-06-28T23:54:38.865+0000] {python.py:240} INFO - Done. Returned value was: None
[2026-06-28T23:54:38.877+0000] {taskinstance.py:340} INFO - ::group::Post task execution logs
[2026-06-28T23:54:38.877+0000] {taskinstance.py:352} INFO - Marking task as SUCCESS. dag_id=banking_fraud_pipeline, task_id=run_pipeline, run_id=manual__2026-06-28T23:54:26.435065+00:00, execution_date=20260628T235426, start_date=20260628T235430, end_date=20260628T235438
[2026-06-28T23:54:38.918+0000] {local_task_job_runner.py:261} INFO - Task exited with return code 0
[2026-06-28T23:54:38.937+0000] {taskinstance.py:3891} INFO - 0 downstream tasks scheduled from follow-on schedule check
[2026-06-28T23:54:38.939+0000] {local_task_job_runner.py:240} INFO - ::endgroup::
