[2026-06-29T02:49:06.435+0000] {local_task_job_runner.py:123} INFO - ::group::Pre task execution logs
[2026-06-29T02:49:06.453+0000] {taskinstance.py:2603} INFO - Dependencies all met for dep_context=non-requeueable deps ti=<TaskInstance: banking_fraud_pipeline.fraud_detection manual__2026-06-29T02:48:51.478747+00:00 [queued]>
[2026-06-29T02:49:06.461+0000] {taskinstance.py:2603} INFO - Dependencies all met for dep_context=requeueable deps ti=<TaskInstance: banking_fraud_pipeline.fraud_detection manual__2026-06-29T02:48:51.478747+00:00 [queued]>
[2026-06-29T02:49:06.462+0000] {taskinstance.py:2856} INFO - Starting attempt 1 of 2
[2026-06-29T02:49:06.473+0000] {taskinstance.py:2879} INFO - Executing <Task(PythonOperator): fraud_detection> on 2026-06-29 02:48:51.478747+00:00
[2026-06-29T02:49:06.564+0000] {logging_mixin.py:190} WARNING - /home/airflow/.local/lib/python3.12/site-packages/airflow/task/task_runner/standard_task_runner.py:70 DeprecationWarning: This process (pid=190) is multi-threaded, use of fork() may lead to deadlocks in the child.
[2026-06-29T02:49:06.565+0000] {standard_task_runner.py:72} INFO - Started process 198 to run task
[2026-06-29T02:49:06.564+0000] {standard_task_runner.py:104} INFO - Running: ['airflow', 'tasks', 'run', 'banking_fraud_pipeline', 'fraud_detection', 'manual__2026-06-29T02:48:51.478747+00:00', '--job-id', '20', '--raw', '--subdir', 'DAGS_FOLDER/banking_fraud_pipeline_dag.py', '--cfg-path', '/tmp/tmp78df2012']
[2026-06-29T02:49:06.566+0000] {standard_task_runner.py:105} INFO - Job 20: Subtask fraud_detection
[2026-06-29T02:49:06.765+0000] {task_command.py:467} INFO - Running <TaskInstance: banking_fraud_pipeline.fraud_detection manual__2026-06-29T02:48:51.478747+00:00 [running]> on host 5cf24bcfc6d8
[2026-06-29T02:49:07.081+0000] {taskinstance.py:3122} INFO - Exporting env vars: AIRFLOW_CTX_DAG_OWNER='abhinav' AIRFLOW_CTX_DAG_ID='banking_fraud_pipeline' AIRFLOW_CTX_TASK_ID='fraud_detection' AIRFLOW_CTX_EXECUTION_DATE='2026-06-29T02:48:51.478747+00:00' AIRFLOW_CTX_TRY_NUMBER='1' AIRFLOW_CTX_DAG_RUN_ID='manual__2026-06-29T02:48:51.478747+00:00'
[2026-06-29T02:49:07.082+0000] {taskinstance.py:731} INFO - ::endgroup::
[2026-06-29T02:49:07.153+0000] {fraud_rules.py:8} INFO - Starting fraud detection
[2026-06-29T02:49:07.459+0000] {fraud_rules.py:153} INFO - Total Fraud Transactions: 8
[2026-06-29T02:49:07.460+0000] {fraud_rules.py:158} INFO - Fraud detection completed
[2026-06-29T02:49:07.460+0000] {fraud_rules.py:160} INFO - High Risk Transaction: 0
[2026-06-29T02:49:07.468+0000] {python.py:240} INFO - Done. Returned value was: None
[2026-06-29T02:49:07.483+0000] {taskinstance.py:340} INFO - ::group::Post task execution logs
[2026-06-29T02:49:07.485+0000] {taskinstance.py:352} INFO - Marking task as SUCCESS. dag_id=banking_fraud_pipeline, task_id=fraud_detection, run_id=manual__2026-06-29T02:48:51.478747+00:00, execution_date=20260629T024851, start_date=20260629T024906, end_date=20260629T024907
[2026-06-29T02:49:07.507+0000] {local_task_job_runner.py:261} INFO - Task exited with return code 0
[2026-06-29T02:49:07.532+0000] {taskinstance.py:3891} INFO - 1 downstream tasks scheduled from follow-on schedule check
[2026-06-29T02:49:07.534+0000] {local_task_job_runner.py:240} INFO - ::endgroup::
