[2026-06-30T02:45:37.738+0000] {local_task_job_runner.py:123} INFO - ::group::Pre task execution logs
[2026-06-30T02:45:37.825+0000] {taskinstance.py:2603} INFO - Dependencies all met for dep_context=non-requeueable deps ti=<TaskInstance: banking_fraud_pipeline.load manual__2026-06-30T02:43:09.825999+00:00 [queued]>
[2026-06-30T02:45:37.834+0000] {taskinstance.py:2603} INFO - Dependencies all met for dep_context=requeueable deps ti=<TaskInstance: banking_fraud_pipeline.load manual__2026-06-30T02:43:09.825999+00:00 [queued]>
[2026-06-30T02:45:37.834+0000] {taskinstance.py:2856} INFO - Starting attempt 1 of 2
[2026-06-30T02:45:37.846+0000] {taskinstance.py:2879} INFO - Executing <Task(PythonOperator): load> on 2026-06-30 02:43:09.825999+00:00
[2026-06-30T02:45:37.926+0000] {logging_mixin.py:190} WARNING - /home/airflow/.local/lib/python3.12/site-packages/airflow/task/task_runner/standard_task_runner.py:70 DeprecationWarning: This process (pid=2412) is multi-threaded, use of fork() may lead to deadlocks in the child.
[2026-06-30T02:45:37.929+0000] {standard_task_runner.py:72} INFO - Started process 2414 to run task
[2026-06-30T02:45:37.926+0000] {standard_task_runner.py:104} INFO - Running: ['airflow', 'tasks', 'run', 'banking_fraud_pipeline', 'load', 'manual__2026-06-30T02:43:09.825999+00:00', '--job-id', '44', '--raw', '--subdir', 'DAGS_FOLDER/banking_fraud_pipeline_dag.py', '--cfg-path', '/tmp/tmpttfmaa05']
[2026-06-30T02:45:37.931+0000] {standard_task_runner.py:105} INFO - Job 44: Subtask load
[2026-06-30T02:45:38.084+0000] {task_command.py:467} INFO - Running <TaskInstance: banking_fraud_pipeline.load manual__2026-06-30T02:43:09.825999+00:00 [running]> on host 436f876ddd92
[2026-06-30T02:45:38.261+0000] {taskinstance.py:3122} INFO - Exporting env vars: AIRFLOW_CTX_DAG_OWNER='abhinav' AIRFLOW_CTX_DAG_ID='banking_fraud_pipeline' AIRFLOW_CTX_TASK_ID='load' AIRFLOW_CTX_EXECUTION_DATE='2026-06-30T02:43:09.825999+00:00' AIRFLOW_CTX_TRY_NUMBER='1' AIRFLOW_CTX_DAG_RUN_ID='manual__2026-06-30T02:43:09.825999+00:00'
[2026-06-30T02:45:38.262+0000] {taskinstance.py:731} INFO - ::endgroup::
[2026-06-30T02:45:38.283+0000] {load.py:43} INFO - Loading data to PostgreSQL
[2026-06-30T02:45:38.283+0000] {logging_mixin.py:190} INFO - USER=bank_user
[2026-06-30T02:45:38.283+0000] {logging_mixin.py:190} INFO - PASSWORD=***
[2026-06-30T02:45:38.284+0000] {logging_mixin.py:190} INFO - HOST=postgres
[2026-06-30T02:45:38.284+0000] {logging_mixin.py:190} INFO - PORT=5432
[2026-06-30T02:45:38.285+0000] {logging_mixin.py:190} INFO - DB=banking_db
[2026-06-30T02:45:38.285+0000] {logging_mixin.py:190} INFO - postgresql://bank_user:***@postgres:5432/banking_db
[2026-06-30T02:45:38.888+0000] {load.py:89} INFO - 15 records upserted
[2026-06-30T02:45:38.889+0000] {load.py:93} INFO - Loading fraud transactions table
[2026-06-30T02:45:39.070+0000] {load.py:108} INFO - 8 fraud records loaded
[2026-06-30T02:45:39.071+0000] {load.py:115} INFO - Saving parquet partitions
[2026-06-30T02:45:40.114+0000] {load.py:139} INFO - Parquet storage completed
[2026-06-30T02:45:40.167+0000] {airflow_tasks.py:72} INFO - Intermediate files cleaned successfully
[2026-06-30T02:45:40.167+0000] {python.py:240} INFO - Done. Returned value was: None
[2026-06-30T02:45:40.247+0000] {taskinstance.py:340} INFO - ::group::Post task execution logs
[2026-06-30T02:45:40.248+0000] {taskinstance.py:352} INFO - Marking task as SUCCESS. dag_id=banking_fraud_pipeline, task_id=load, run_id=manual__2026-06-30T02:43:09.825999+00:00, execution_date=20260630T024309, start_date=20260630T024537, end_date=20260630T024540
[2026-06-30T02:45:40.278+0000] {local_task_job_runner.py:261} INFO - Task exited with return code 0
[2026-06-30T02:45:40.294+0000] {taskinstance.py:3891} INFO - 0 downstream tasks scheduled from follow-on schedule check
[2026-06-30T02:45:40.295+0000] {local_task_job_runner.py:240} INFO - ::endgroup::
