[2026-06-30T02:45:34.866+0000] {local_task_job_runner.py:123} INFO - ::group::Pre task execution logs
[2026-06-30T02:45:34.883+0000] {taskinstance.py:2603} INFO - Dependencies all met for dep_context=non-requeueable deps ti=<TaskInstance: banking_fraud_pipeline.transform manual__2026-06-30T02:43:09.825999+00:00 [queued]>
[2026-06-30T02:45:34.891+0000] {taskinstance.py:2603} INFO - Dependencies all met for dep_context=requeueable deps ti=<TaskInstance: banking_fraud_pipeline.transform manual__2026-06-30T02:43:09.825999+00:00 [queued]>
[2026-06-30T02:45:34.891+0000] {taskinstance.py:2856} INFO - Starting attempt 1 of 2
[2026-06-30T02:45:34.902+0000] {taskinstance.py:2879} INFO - Executing <Task(PythonOperator): transform> on 2026-06-30 02:43:09.825999+00:00
[2026-06-30T02:45:34.928+0000] {logging_mixin.py:190} WARNING - /home/airflow/.local/lib/python3.12/site-packages/airflow/task/task_runner/standard_task_runner.py:70 DeprecationWarning: This process (pid=2408) is multi-threaded, use of fork() may lead to deadlocks in the child.
[2026-06-30T02:45:34.929+0000] {standard_task_runner.py:72} INFO - Started process 2410 to run task
[2026-06-30T02:45:34.928+0000] {standard_task_runner.py:104} INFO - Running: ['airflow', 'tasks', 'run', 'banking_fraud_pipeline', 'transform', 'manual__2026-06-30T02:43:09.825999+00:00', '--job-id', '43', '--raw', '--subdir', 'DAGS_FOLDER/banking_fraud_pipeline_dag.py', '--cfg-path', '/tmp/tmpi7mlbeuy']
[2026-06-30T02:45:34.931+0000] {standard_task_runner.py:105} INFO - Job 43: Subtask transform
[2026-06-30T02:45:35.014+0000] {task_command.py:467} INFO - Running <TaskInstance: banking_fraud_pipeline.transform manual__2026-06-30T02:43:09.825999+00:00 [running]> on host 436f876ddd92
[2026-06-30T02:45:35.130+0000] {taskinstance.py:3122} INFO - Exporting env vars: AIRFLOW_CTX_DAG_OWNER='abhinav' AIRFLOW_CTX_DAG_ID='banking_fraud_pipeline' AIRFLOW_CTX_TASK_ID='transform' AIRFLOW_CTX_EXECUTION_DATE='2026-06-30T02:43:09.825999+00:00' AIRFLOW_CTX_TRY_NUMBER='1' AIRFLOW_CTX_DAG_RUN_ID='manual__2026-06-30T02:43:09.825999+00:00'
[2026-06-30T02:45:35.132+0000] {taskinstance.py:731} INFO - ::endgroup::
[2026-06-30T02:45:35.154+0000] {transform.py:9} INFO - Starting transformation layer
[2026-06-30T02:45:35.179+0000] {transform.py:66} INFO - Transformation completed
[2026-06-30T02:45:35.203+0000] {python.py:240} INFO - Done. Returned value was: None
[2026-06-30T02:45:35.218+0000] {taskinstance.py:340} INFO - ::group::Post task execution logs
[2026-06-30T02:45:35.218+0000] {taskinstance.py:352} INFO - Marking task as SUCCESS. dag_id=banking_fraud_pipeline, task_id=transform, run_id=manual__2026-06-30T02:43:09.825999+00:00, execution_date=20260630T024309, start_date=20260630T024534, end_date=20260630T024535
[2026-06-30T02:45:35.266+0000] {local_task_job_runner.py:261} INFO - Task exited with return code 0
[2026-06-30T02:45:35.287+0000] {taskinstance.py:3891} INFO - 1 downstream tasks scheduled from follow-on schedule check
[2026-06-30T02:45:35.289+0000] {local_task_job_runner.py:240} INFO - ::endgroup::
