[2026-06-28T21:59:38.003+0000] {processor.py:186} INFO - Started process (PID=172) to work on /opt/airflow/dags/banking_fraud_pipeline_dag.py
[2026-06-28T21:59:38.013+0000] {processor.py:914} INFO - Processing file /opt/airflow/dags/banking_fraud_pipeline_dag.py for tasks to queue
[2026-06-28T21:59:38.015+0000] {logging_mixin.py:190} INFO - [2026-06-28T21:59:38.014+0000] {dagbag.py:587} INFO - Filling up the DagBag from /opt/airflow/dags/banking_fraud_pipeline_dag.py
[2026-06-28T21:59:56.458+0000] {processor.py:925} INFO - DAG(s) 'banking_fraud_pipeline' retrieved from /opt/airflow/dags/banking_fraud_pipeline_dag.py
[2026-06-28T21:59:59.147+0000] {logging_mixin.py:190} INFO - [2026-06-28T21:59:59.146+0000] {override.py:1858} INFO - Created Permission View: can edit on DAG:banking_fraud_pipeline
[2026-06-28T21:59:59.162+0000] {logging_mixin.py:190} INFO - [2026-06-28T21:59:59.162+0000] {override.py:1858} INFO - Created Permission View: can delete on DAG:banking_fraud_pipeline
[2026-06-28T21:59:59.177+0000] {logging_mixin.py:190} INFO - [2026-06-28T21:59:59.176+0000] {override.py:1858} INFO - Created Permission View: can read on DAG:banking_fraud_pipeline
[2026-06-28T21:59:59.179+0000] {logging_mixin.py:190} INFO - [2026-06-28T21:59:59.178+0000] {dag.py:3211} INFO - Sync 1 DAGs
[2026-06-28T21:59:59.201+0000] {logging_mixin.py:190} INFO - [2026-06-28T21:59:59.201+0000] {dag.py:3234} INFO - Creating ORM DAG for banking_fraud_pipeline
[2026-06-28T21:59:59.202+0000] {logging_mixin.py:190} INFO - [2026-06-28T21:59:59.202+0000] {dag.py:4138} INFO - Setting next_dagrun for banking_fraud_pipeline to None, run_after=None
[2026-06-28T21:59:59.263+0000] {processor.py:208} INFO - Processing /opt/airflow/dags/banking_fraud_pipeline_dag.py took 21.267 seconds
[2026-06-28T22:00:29.817+0000] {processor.py:186} INFO - Started process (PID=178) to work on /opt/airflow/dags/banking_fraud_pipeline_dag.py
[2026-06-28T22:00:30.131+0000] {processor.py:914} INFO - Processing file /opt/airflow/dags/banking_fraud_pipeline_dag.py for tasks to queue
[2026-06-28T22:00:30.143+0000] {logging_mixin.py:190} INFO - [2026-06-28T22:00:30.142+0000] {dagbag.py:587} INFO - Filling up the DagBag from /opt/airflow/dags/banking_fraud_pipeline_dag.py
[2026-06-28T22:00:32.614+0000] {processor.py:925} INFO - DAG(s) 'banking_fraud_pipeline' retrieved from /opt/airflow/dags/banking_fraud_pipeline_dag.py
[2026-06-28T22:00:32.638+0000] {logging_mixin.py:190} INFO - [2026-06-28T22:00:32.638+0000] {dag.py:3211} INFO - Sync 1 DAGs
[2026-06-28T22:00:32.650+0000] {logging_mixin.py:190} INFO - [2026-06-28T22:00:32.650+0000] {dag.py:4138} INFO - Setting next_dagrun for banking_fraud_pipeline to None, run_after=None
[2026-06-28T22:00:32.680+0000] {processor.py:208} INFO - Processing /opt/airflow/dags/banking_fraud_pipeline_dag.py took 2.871 seconds
[2026-06-28T22:01:03.212+0000] {processor.py:186} INFO - Started process (PID=184) to work on /opt/airflow/dags/banking_fraud_pipeline_dag.py
[2026-06-28T22:01:03.277+0000] {processor.py:914} INFO - Processing file /opt/airflow/dags/banking_fraud_pipeline_dag.py for tasks to queue
[2026-06-28T22:01:03.282+0000] {logging_mixin.py:190} INFO - [2026-06-28T22:01:03.281+0000] {dagbag.py:587} INFO - Filling up the DagBag from /opt/airflow/dags/banking_fraud_pipeline_dag.py
[2026-06-28T22:01:04.356+0000] {processor.py:925} INFO - DAG(s) 'banking_fraud_pipeline' retrieved from /opt/airflow/dags/banking_fraud_pipeline_dag.py
[2026-06-28T22:01:04.381+0000] {logging_mixin.py:190} INFO - [2026-06-28T22:01:04.381+0000] {dag.py:3211} INFO - Sync 1 DAGs
[2026-06-28T22:01:04.394+0000] {logging_mixin.py:190} INFO - [2026-06-28T22:01:04.394+0000] {dag.py:4138} INFO - Setting next_dagrun for banking_fraud_pipeline to None, run_after=None
[2026-06-28T22:01:04.412+0000] {processor.py:208} INFO - Processing /opt/airflow/dags/banking_fraud_pipeline_dag.py took 1.211 seconds
[2026-06-28T22:01:34.773+0000] {processor.py:186} INFO - Started process (PID=190) to work on /opt/airflow/dags/banking_fraud_pipeline_dag.py
[2026-06-28T22:01:34.775+0000] {processor.py:914} INFO - Processing file /opt/airflow/dags/banking_fraud_pipeline_dag.py for tasks to queue
[2026-06-28T22:01:34.779+0000] {logging_mixin.py:190} INFO - [2026-06-28T22:01:34.778+0000] {dagbag.py:587} INFO - Filling up the DagBag from /opt/airflow/dags/banking_fraud_pipeline_dag.py
[2026-06-28T22:01:35.681+0000] {processor.py:925} INFO - DAG(s) 'banking_fraud_pipeline' retrieved from /opt/airflow/dags/banking_fraud_pipeline_dag.py
[2026-06-28T22:01:35.811+0000] {logging_mixin.py:190} INFO - [2026-06-28T22:01:35.811+0000] {dag.py:3211} INFO - Sync 1 DAGs
[2026-06-28T22:01:35.825+0000] {logging_mixin.py:190} INFO - [2026-06-28T22:01:35.825+0000] {dag.py:4138} INFO - Setting next_dagrun for banking_fraud_pipeline to None, run_after=None
[2026-06-28T22:01:35.842+0000] {processor.py:208} INFO - Processing /opt/airflow/dags/banking_fraud_pipeline_dag.py took 1.080 seconds
[2026-06-28T22:02:06.157+0000] {processor.py:186} INFO - Started process (PID=196) to work on /opt/airflow/dags/banking_fraud_pipeline_dag.py
[2026-06-28T22:02:06.158+0000] {processor.py:914} INFO - Processing file /opt/airflow/dags/banking_fraud_pipeline_dag.py for tasks to queue
[2026-06-28T22:02:06.162+0000] {logging_mixin.py:190} INFO - [2026-06-28T22:02:06.162+0000] {dagbag.py:587} INFO - Filling up the DagBag from /opt/airflow/dags/banking_fraud_pipeline_dag.py
[2026-06-28T22:02:06.992+0000] {processor.py:925} INFO - DAG(s) 'banking_fraud_pipeline' retrieved from /opt/airflow/dags/banking_fraud_pipeline_dag.py
[2026-06-28T22:02:07.121+0000] {logging_mixin.py:190} INFO - [2026-06-28T22:02:07.120+0000] {dag.py:3211} INFO - Sync 1 DAGs
[2026-06-28T22:02:07.134+0000] {logging_mixin.py:190} INFO - [2026-06-28T22:02:07.134+0000] {dag.py:4138} INFO - Setting next_dagrun for banking_fraud_pipeline to None, run_after=None
[2026-06-28T22:02:07.149+0000] {processor.py:208} INFO - Processing /opt/airflow/dags/banking_fraud_pipeline_dag.py took 1.002 seconds
[2026-06-28T22:02:37.646+0000] {processor.py:186} INFO - Started process (PID=202) to work on /opt/airflow/dags/banking_fraud_pipeline_dag.py
[2026-06-28T22:02:37.648+0000] {processor.py:914} INFO - Processing file /opt/airflow/dags/banking_fraud_pipeline_dag.py for tasks to queue
[2026-06-28T22:02:37.653+0000] {logging_mixin.py:190} INFO - [2026-06-28T22:02:37.652+0000] {dagbag.py:587} INFO - Filling up the DagBag from /opt/airflow/dags/banking_fraud_pipeline_dag.py
[2026-06-28T22:02:38.817+0000] {processor.py:925} INFO - DAG(s) 'banking_fraud_pipeline' retrieved from /opt/airflow/dags/banking_fraud_pipeline_dag.py
[2026-06-28T22:02:38.915+0000] {logging_mixin.py:190} INFO - [2026-06-28T22:02:38.914+0000] {dag.py:3211} INFO - Sync 1 DAGs
[2026-06-28T22:02:38.931+0000] {logging_mixin.py:190} INFO - [2026-06-28T22:02:38.931+0000] {dag.py:4138} INFO - Setting next_dagrun for banking_fraud_pipeline to None, run_after=None
[2026-06-28T22:02:38.956+0000] {processor.py:208} INFO - Processing /opt/airflow/dags/banking_fraud_pipeline_dag.py took 1.322 seconds
[2026-06-28T22:03:09.327+0000] {processor.py:186} INFO - Started process (PID=208) to work on /opt/airflow/dags/banking_fraud_pipeline_dag.py
[2026-06-28T22:03:09.328+0000] {processor.py:914} INFO - Processing file /opt/airflow/dags/banking_fraud_pipeline_dag.py for tasks to queue
[2026-06-28T22:03:09.333+0000] {logging_mixin.py:190} INFO - [2026-06-28T22:03:09.332+0000] {dagbag.py:587} INFO - Filling up the DagBag from /opt/airflow/dags/banking_fraud_pipeline_dag.py
[2026-06-28T22:03:10.330+0000] {processor.py:925} INFO - DAG(s) 'banking_fraud_pipeline' retrieved from /opt/airflow/dags/banking_fraud_pipeline_dag.py
[2026-06-28T22:03:10.360+0000] {logging_mixin.py:190} INFO - [2026-06-28T22:03:10.360+0000] {dag.py:3211} INFO - Sync 1 DAGs
[2026-06-28T22:03:10.372+0000] {logging_mixin.py:190} INFO - [2026-06-28T22:03:10.372+0000] {dag.py:4138} INFO - Setting next_dagrun for banking_fraud_pipeline to None, run_after=None
[2026-06-28T22:03:10.388+0000] {processor.py:208} INFO - Processing /opt/airflow/dags/banking_fraud_pipeline_dag.py took 1.073 seconds
[2026-06-28T22:03:40.555+0000] {processor.py:186} INFO - Started process (PID=214) to work on /opt/airflow/dags/banking_fraud_pipeline_dag.py
[2026-06-28T22:03:40.557+0000] {processor.py:914} INFO - Processing file /opt/airflow/dags/banking_fraud_pipeline_dag.py for tasks to queue
[2026-06-28T22:03:40.564+0000] {logging_mixin.py:190} INFO - [2026-06-28T22:03:40.564+0000] {dagbag.py:587} INFO - Filling up the DagBag from /opt/airflow/dags/banking_fraud_pipeline_dag.py
[2026-06-28T22:03:41.349+0000] {processor.py:925} INFO - DAG(s) 'banking_fraud_pipeline' retrieved from /opt/airflow/dags/banking_fraud_pipeline_dag.py
[2026-06-28T22:03:41.427+0000] {logging_mixin.py:190} INFO - [2026-06-28T22:03:41.427+0000] {dag.py:3211} INFO - Sync 1 DAGs
[2026-06-28T22:03:41.441+0000] {logging_mixin.py:190} INFO - [2026-06-28T22:03:41.441+0000] {dag.py:4138} INFO - Setting next_dagrun for banking_fraud_pipeline to None, run_after=None
[2026-06-28T22:03:41.457+0000] {processor.py:208} INFO - Processing /opt/airflow/dags/banking_fraud_pipeline_dag.py took 0.914 seconds
[2026-06-28T22:04:11.741+0000] {processor.py:186} INFO - Started process (PID=220) to work on /opt/airflow/dags/banking_fraud_pipeline_dag.py
[2026-06-28T22:04:11.742+0000] {processor.py:914} INFO - Processing file /opt/airflow/dags/banking_fraud_pipeline_dag.py for tasks to queue
[2026-06-28T22:04:11.747+0000] {logging_mixin.py:190} INFO - [2026-06-28T22:04:11.747+0000] {dagbag.py:587} INFO - Filling up the DagBag from /opt/airflow/dags/banking_fraud_pipeline_dag.py
[2026-06-28T22:04:13.049+0000] {processor.py:925} INFO - DAG(s) 'banking_fraud_pipeline' retrieved from /opt/airflow/dags/banking_fraud_pipeline_dag.py
[2026-06-28T22:04:13.084+0000] {logging_mixin.py:190} INFO - [2026-06-28T22:04:13.083+0000] {dag.py:3211} INFO - Sync 1 DAGs
[2026-06-28T22:04:13.100+0000] {logging_mixin.py:190} INFO - [2026-06-28T22:04:13.100+0000] {dag.py:4138} INFO - Setting next_dagrun for banking_fraud_pipeline to None, run_after=None
[2026-06-28T22:04:13.119+0000] {processor.py:208} INFO - Processing /opt/airflow/dags/banking_fraud_pipeline_dag.py took 1.389 seconds
[2026-06-28T22:04:43.304+0000] {processor.py:186} INFO - Started process (PID=226) to work on /opt/airflow/dags/banking_fraud_pipeline_dag.py
[2026-06-28T22:04:43.307+0000] {processor.py:914} INFO - Processing file /opt/airflow/dags/banking_fraud_pipeline_dag.py for tasks to queue
[2026-06-28T22:04:43.313+0000] {logging_mixin.py:190} INFO - [2026-06-28T22:04:43.312+0000] {dagbag.py:587} INFO - Filling up the DagBag from /opt/airflow/dags/banking_fraud_pipeline_dag.py
[2026-06-28T22:04:44.512+0000] {processor.py:925} INFO - DAG(s) 'banking_fraud_pipeline' retrieved from /opt/airflow/dags/banking_fraud_pipeline_dag.py
[2026-06-28T22:04:44.566+0000] {logging_mixin.py:190} INFO - [2026-06-28T22:04:44.562+0000] {dag.py:3211} INFO - Sync 1 DAGs
[2026-06-28T22:04:44.588+0000] {logging_mixin.py:190} INFO - [2026-06-28T22:04:44.587+0000] {dag.py:4138} INFO - Setting next_dagrun for banking_fraud_pipeline to None, run_after=None
[2026-06-28T22:04:44.620+0000] {processor.py:208} INFO - Processing /opt/airflow/dags/banking_fraud_pipeline_dag.py took 1.329 seconds
[2026-06-28T22:05:14.901+0000] {processor.py:186} INFO - Started process (PID=232) to work on /opt/airflow/dags/banking_fraud_pipeline_dag.py
[2026-06-28T22:05:14.903+0000] {processor.py:914} INFO - Processing file /opt/airflow/dags/banking_fraud_pipeline_dag.py for tasks to queue
[2026-06-28T22:05:14.907+0000] {logging_mixin.py:190} INFO - [2026-06-28T22:05:14.906+0000] {dagbag.py:587} INFO - Filling up the DagBag from /opt/airflow/dags/banking_fraud_pipeline_dag.py
[2026-06-28T22:05:15.815+0000] {processor.py:925} INFO - DAG(s) 'banking_fraud_pipeline' retrieved from /opt/airflow/dags/banking_fraud_pipeline_dag.py
[2026-06-28T22:05:15.862+0000] {logging_mixin.py:190} INFO - [2026-06-28T22:05:15.860+0000] {dag.py:3211} INFO - Sync 1 DAGs
[2026-06-28T22:05:15.876+0000] {logging_mixin.py:190} INFO - [2026-06-28T22:05:15.876+0000] {dag.py:4138} INFO - Setting next_dagrun for banking_fraud_pipeline to None, run_after=None
[2026-06-28T22:05:15.895+0000] {processor.py:208} INFO - Processing /opt/airflow/dags/banking_fraud_pipeline_dag.py took 1.008 seconds
[2026-06-28T22:05:46.173+0000] {processor.py:186} INFO - Started process (PID=238) to work on /opt/airflow/dags/banking_fraud_pipeline_dag.py
[2026-06-28T22:05:46.174+0000] {processor.py:914} INFO - Processing file /opt/airflow/dags/banking_fraud_pipeline_dag.py for tasks to queue
[2026-06-28T22:05:46.180+0000] {logging_mixin.py:190} INFO - [2026-06-28T22:05:46.180+0000] {dagbag.py:587} INFO - Filling up the DagBag from /opt/airflow/dags/banking_fraud_pipeline_dag.py
[2026-06-28T22:05:46.936+0000] {processor.py:925} INFO - DAG(s) 'banking_fraud_pipeline' retrieved from /opt/airflow/dags/banking_fraud_pipeline_dag.py
[2026-06-28T22:05:46.987+0000] {logging_mixin.py:190} INFO - [2026-06-28T22:05:46.987+0000] {dag.py:3211} INFO - Sync 1 DAGs
[2026-06-28T22:05:47.003+0000] {logging_mixin.py:190} INFO - [2026-06-28T22:05:47.003+0000] {dag.py:4138} INFO - Setting next_dagrun for banking_fraud_pipeline to None, run_after=None
[2026-06-28T22:05:47.020+0000] {processor.py:208} INFO - Processing /opt/airflow/dags/banking_fraud_pipeline_dag.py took 0.858 seconds
[2026-06-28T22:06:17.666+0000] {processor.py:186} INFO - Started process (PID=244) to work on /opt/airflow/dags/banking_fraud_pipeline_dag.py
[2026-06-28T22:06:17.667+0000] {processor.py:914} INFO - Processing file /opt/airflow/dags/banking_fraud_pipeline_dag.py for tasks to queue
[2026-06-28T22:06:17.672+0000] {logging_mixin.py:190} INFO - [2026-06-28T22:06:17.672+0000] {dagbag.py:587} INFO - Filling up the DagBag from /opt/airflow/dags/banking_fraud_pipeline_dag.py
[2026-06-28T22:06:19.055+0000] {processor.py:925} INFO - DAG(s) 'banking_fraud_pipeline' retrieved from /opt/airflow/dags/banking_fraud_pipeline_dag.py
[2026-06-28T22:06:19.086+0000] {logging_mixin.py:190} INFO - [2026-06-28T22:06:19.086+0000] {dag.py:3211} INFO - Sync 1 DAGs
[2026-06-28T22:06:19.101+0000] {logging_mixin.py:190} INFO - [2026-06-28T22:06:19.101+0000] {dag.py:4138} INFO - Setting next_dagrun for banking_fraud_pipeline to None, run_after=None
[2026-06-28T22:06:19.120+0000] {processor.py:208} INFO - Processing /opt/airflow/dags/banking_fraud_pipeline_dag.py took 1.464 seconds
[2026-06-28T22:06:49.398+0000] {processor.py:186} INFO - Started process (PID=250) to work on /opt/airflow/dags/banking_fraud_pipeline_dag.py
[2026-06-28T22:06:49.401+0000] {processor.py:914} INFO - Processing file /opt/airflow/dags/banking_fraud_pipeline_dag.py for tasks to queue
[2026-06-28T22:06:49.407+0000] {logging_mixin.py:190} INFO - [2026-06-28T22:06:49.406+0000] {dagbag.py:587} INFO - Filling up the DagBag from /opt/airflow/dags/banking_fraud_pipeline_dag.py
[2026-06-28T22:06:50.261+0000] {processor.py:925} INFO - DAG(s) 'banking_fraud_pipeline' retrieved from /opt/airflow/dags/banking_fraud_pipeline_dag.py
[2026-06-28T22:06:50.301+0000] {logging_mixin.py:190} INFO - [2026-06-28T22:06:50.300+0000] {dag.py:3211} INFO - Sync 1 DAGs
[2026-06-28T22:06:50.322+0000] {logging_mixin.py:190} INFO - [2026-06-28T22:06:50.322+0000] {dag.py:4138} INFO - Setting next_dagrun for banking_fraud_pipeline to None, run_after=None
[2026-06-28T22:06:50.358+0000] {processor.py:208} INFO - Processing /opt/airflow/dags/banking_fraud_pipeline_dag.py took 0.977 seconds
[2026-06-28T22:07:20.633+0000] {processor.py:186} INFO - Started process (PID=260) to work on /opt/airflow/dags/banking_fraud_pipeline_dag.py
[2026-06-28T22:07:20.634+0000] {processor.py:914} INFO - Processing file /opt/airflow/dags/banking_fraud_pipeline_dag.py for tasks to queue
[2026-06-28T22:07:20.640+0000] {logging_mixin.py:190} INFO - [2026-06-28T22:07:20.639+0000] {dagbag.py:587} INFO - Filling up the DagBag from /opt/airflow/dags/banking_fraud_pipeline_dag.py
[2026-06-28T22:07:21.672+0000] {processor.py:925} INFO - DAG(s) 'banking_fraud_pipeline' retrieved from /opt/airflow/dags/banking_fraud_pipeline_dag.py
[2026-06-28T22:07:21.752+0000] {logging_mixin.py:190} INFO - [2026-06-28T22:07:21.752+0000] {dag.py:3211} INFO - Sync 1 DAGs
[2026-06-28T22:07:21.769+0000] {logging_mixin.py:190} INFO - [2026-06-28T22:07:21.769+0000] {dag.py:4138} INFO - Setting next_dagrun for banking_fraud_pipeline to None, run_after=None
[2026-06-28T22:07:21.790+0000] {processor.py:208} INFO - Processing /opt/airflow/dags/banking_fraud_pipeline_dag.py took 1.170 seconds
[2026-06-28T22:07:52.155+0000] {processor.py:186} INFO - Started process (PID=266) to work on /opt/airflow/dags/banking_fraud_pipeline_dag.py
[2026-06-28T22:07:52.157+0000] {processor.py:914} INFO - Processing file /opt/airflow/dags/banking_fraud_pipeline_dag.py for tasks to queue
[2026-06-28T22:07:52.163+0000] {logging_mixin.py:190} INFO - [2026-06-28T22:07:52.162+0000] {dagbag.py:587} INFO - Filling up the DagBag from /opt/airflow/dags/banking_fraud_pipeline_dag.py
[2026-06-28T22:07:52.944+0000] {processor.py:925} INFO - DAG(s) 'banking_fraud_pipeline' retrieved from /opt/airflow/dags/banking_fraud_pipeline_dag.py
[2026-06-28T22:07:52.989+0000] {logging_mixin.py:190} INFO - [2026-06-28T22:07:52.987+0000] {dag.py:3211} INFO - Sync 1 DAGs
[2026-06-28T22:07:53.004+0000] {logging_mixin.py:190} INFO - [2026-06-28T22:07:53.004+0000] {dag.py:4138} INFO - Setting next_dagrun for banking_fraud_pipeline to None, run_after=None
[2026-06-28T22:07:53.035+0000] {processor.py:208} INFO - Processing /opt/airflow/dags/banking_fraud_pipeline_dag.py took 0.892 seconds
[2026-06-28T22:08:23.329+0000] {processor.py:186} INFO - Started process (PID=272) to work on /opt/airflow/dags/banking_fraud_pipeline_dag.py
[2026-06-28T22:08:23.331+0000] {processor.py:914} INFO - Processing file /opt/airflow/dags/banking_fraud_pipeline_dag.py for tasks to queue
[2026-06-28T22:08:23.336+0000] {logging_mixin.py:190} INFO - [2026-06-28T22:08:23.336+0000] {dagbag.py:587} INFO - Filling up the DagBag from /opt/airflow/dags/banking_fraud_pipeline_dag.py
[2026-06-28T22:08:24.282+0000] {processor.py:925} INFO - DAG(s) 'banking_fraud_pipeline' retrieved from /opt/airflow/dags/banking_fraud_pipeline_dag.py
[2026-06-28T22:08:24.344+0000] {logging_mixin.py:190} INFO - [2026-06-28T22:08:24.343+0000] {dag.py:3211} INFO - Sync 1 DAGs
[2026-06-28T22:08:24.364+0000] {logging_mixin.py:190} INFO - [2026-06-28T22:08:24.363+0000] {dag.py:4138} INFO - Setting next_dagrun for banking_fraud_pipeline to None, run_after=None
[2026-06-28T22:08:24.428+0000] {processor.py:208} INFO - Processing /opt/airflow/dags/banking_fraud_pipeline_dag.py took 1.109 seconds
[2026-06-28T22:08:54.663+0000] {processor.py:186} INFO - Started process (PID=278) to work on /opt/airflow/dags/banking_fraud_pipeline_dag.py
[2026-06-28T22:08:54.665+0000] {processor.py:914} INFO - Processing file /opt/airflow/dags/banking_fraud_pipeline_dag.py for tasks to queue
[2026-06-28T22:08:54.669+0000] {logging_mixin.py:190} INFO - [2026-06-28T22:08:54.669+0000] {dagbag.py:587} INFO - Filling up the DagBag from /opt/airflow/dags/banking_fraud_pipeline_dag.py
[2026-06-28T22:08:55.609+0000] {processor.py:925} INFO - DAG(s) 'banking_fraud_pipeline' retrieved from /opt/airflow/dags/banking_fraud_pipeline_dag.py
[2026-06-28T22:08:55.644+0000] {logging_mixin.py:190} INFO - [2026-06-28T22:08:55.644+0000] {dag.py:3211} INFO - Sync 1 DAGs
[2026-06-28T22:08:55.661+0000] {logging_mixin.py:190} INFO - [2026-06-28T22:08:55.660+0000] {dag.py:4138} INFO - Setting next_dagrun for banking_fraud_pipeline to None, run_after=None
[2026-06-28T22:08:55.683+0000] {processor.py:208} INFO - Processing /opt/airflow/dags/banking_fraud_pipeline_dag.py took 1.031 seconds
[2026-06-28T22:09:25.981+0000] {processor.py:186} INFO - Started process (PID=284) to work on /opt/airflow/dags/banking_fraud_pipeline_dag.py
[2026-06-28T22:09:25.983+0000] {processor.py:914} INFO - Processing file /opt/airflow/dags/banking_fraud_pipeline_dag.py for tasks to queue
[2026-06-28T22:09:25.989+0000] {logging_mixin.py:190} INFO - [2026-06-28T22:09:25.987+0000] {dagbag.py:587} INFO - Filling up the DagBag from /opt/airflow/dags/banking_fraud_pipeline_dag.py
[2026-06-28T22:09:27.192+0000] {processor.py:925} INFO - DAG(s) 'banking_fraud_pipeline' retrieved from /opt/airflow/dags/banking_fraud_pipeline_dag.py
[2026-06-28T22:09:27.256+0000] {logging_mixin.py:190} INFO - [2026-06-28T22:09:27.255+0000] {dag.py:3211} INFO - Sync 1 DAGs
[2026-06-28T22:09:27.277+0000] {logging_mixin.py:190} INFO - [2026-06-28T22:09:27.276+0000] {dag.py:4138} INFO - Setting next_dagrun for banking_fraud_pipeline to None, run_after=None
[2026-06-28T22:09:27.299+0000] {processor.py:208} INFO - Processing /opt/airflow/dags/banking_fraud_pipeline_dag.py took 1.332 seconds
[2026-06-28T22:09:57.601+0000] {processor.py:186} INFO - Started process (PID=290) to work on /opt/airflow/dags/banking_fraud_pipeline_dag.py
[2026-06-28T22:09:57.603+0000] {processor.py:914} INFO - Processing file /opt/airflow/dags/banking_fraud_pipeline_dag.py for tasks to queue
[2026-06-28T22:09:57.608+0000] {logging_mixin.py:190} INFO - [2026-06-28T22:09:57.608+0000] {dagbag.py:587} INFO - Filling up the DagBag from /opt/airflow/dags/banking_fraud_pipeline_dag.py
[2026-06-28T22:09:58.505+0000] {processor.py:925} INFO - DAG(s) 'banking_fraud_pipeline' retrieved from /opt/airflow/dags/banking_fraud_pipeline_dag.py
[2026-06-28T22:09:58.570+0000] {logging_mixin.py:190} INFO - [2026-06-28T22:09:58.570+0000] {dag.py:3211} INFO - Sync 1 DAGs
[2026-06-28T22:09:58.588+0000] {logging_mixin.py:190} INFO - [2026-06-28T22:09:58.587+0000] {dag.py:4138} INFO - Setting next_dagrun for banking_fraud_pipeline to None, run_after=None
[2026-06-28T22:09:58.614+0000] {processor.py:208} INFO - Processing /opt/airflow/dags/banking_fraud_pipeline_dag.py took 1.025 seconds
[2026-06-28T22:10:28.914+0000] {processor.py:186} INFO - Started process (PID=296) to work on /opt/airflow/dags/banking_fraud_pipeline_dag.py
[2026-06-28T22:10:28.916+0000] {processor.py:914} INFO - Processing file /opt/airflow/dags/banking_fraud_pipeline_dag.py for tasks to queue
[2026-06-28T22:10:28.921+0000] {logging_mixin.py:190} INFO - [2026-06-28T22:10:28.921+0000] {dagbag.py:587} INFO - Filling up the DagBag from /opt/airflow/dags/banking_fraud_pipeline_dag.py
[2026-06-28T22:10:29.698+0000] {processor.py:925} INFO - DAG(s) 'banking_fraud_pipeline' retrieved from /opt/airflow/dags/banking_fraud_pipeline_dag.py
[2026-06-28T22:10:29.730+0000] {logging_mixin.py:190} INFO - [2026-06-28T22:10:29.730+0000] {dag.py:3211} INFO - Sync 1 DAGs
[2026-06-28T22:10:29.746+0000] {logging_mixin.py:190} INFO - [2026-06-28T22:10:29.745+0000] {dag.py:4138} INFO - Setting next_dagrun for banking_fraud_pipeline to None, run_after=None
[2026-06-28T22:10:29.765+0000] {processor.py:208} INFO - Processing /opt/airflow/dags/banking_fraud_pipeline_dag.py took 0.861 seconds
[2026-06-28T22:11:00.239+0000] {processor.py:186} INFO - Started process (PID=302) to work on /opt/airflow/dags/banking_fraud_pipeline_dag.py
[2026-06-28T22:11:00.253+0000] {processor.py:914} INFO - Processing file /opt/airflow/dags/banking_fraud_pipeline_dag.py for tasks to queue
[2026-06-28T22:11:00.276+0000] {logging_mixin.py:190} INFO - [2026-06-28T22:11:00.275+0000] {dagbag.py:587} INFO - Filling up the DagBag from /opt/airflow/dags/banking_fraud_pipeline_dag.py
[2026-06-28T22:11:02.712+0000] {processor.py:925} INFO - DAG(s) 'banking_fraud_pipeline' retrieved from /opt/airflow/dags/banking_fraud_pipeline_dag.py
[2026-06-28T22:11:02.826+0000] {logging_mixin.py:190} INFO - [2026-06-28T22:11:02.820+0000] {dag.py:3211} INFO - Sync 1 DAGs
[2026-06-28T22:11:02.863+0000] {logging_mixin.py:190} INFO - [2026-06-28T22:11:02.863+0000] {dag.py:4138} INFO - Setting next_dagrun for banking_fraud_pipeline to None, run_after=None
[2026-06-28T22:11:02.899+0000] {processor.py:208} INFO - Processing /opt/airflow/dags/banking_fraud_pipeline_dag.py took 2.701 seconds
[2026-06-28T22:11:33.348+0000] {processor.py:186} INFO - Started process (PID=312) to work on /opt/airflow/dags/banking_fraud_pipeline_dag.py
[2026-06-28T22:11:33.350+0000] {processor.py:914} INFO - Processing file /opt/airflow/dags/banking_fraud_pipeline_dag.py for tasks to queue
[2026-06-28T22:11:33.356+0000] {logging_mixin.py:190} INFO - [2026-06-28T22:11:33.355+0000] {dagbag.py:587} INFO - Filling up the DagBag from /opt/airflow/dags/banking_fraud_pipeline_dag.py
[2026-06-28T22:11:34.209+0000] {processor.py:925} INFO - DAG(s) 'banking_fraud_pipeline' retrieved from /opt/airflow/dags/banking_fraud_pipeline_dag.py
[2026-06-28T22:11:34.295+0000] {logging_mixin.py:190} INFO - [2026-06-28T22:11:34.294+0000] {dag.py:3211} INFO - Sync 1 DAGs
[2026-06-28T22:11:34.311+0000] {logging_mixin.py:190} INFO - [2026-06-28T22:11:34.310+0000] {dag.py:4138} INFO - Setting next_dagrun for banking_fraud_pipeline to None, run_after=None
[2026-06-28T22:11:34.333+0000] {processor.py:208} INFO - Processing /opt/airflow/dags/banking_fraud_pipeline_dag.py took 1.000 seconds
[2026-06-28T22:12:04.633+0000] {processor.py:186} INFO - Started process (PID=322) to work on /opt/airflow/dags/banking_fraud_pipeline_dag.py
[2026-06-28T22:12:04.634+0000] {processor.py:914} INFO - Processing file /opt/airflow/dags/banking_fraud_pipeline_dag.py for tasks to queue
[2026-06-28T22:12:04.639+0000] {logging_mixin.py:190} INFO - [2026-06-28T22:12:04.638+0000] {dagbag.py:587} INFO - Filling up the DagBag from /opt/airflow/dags/banking_fraud_pipeline_dag.py
[2026-06-28T22:12:05.748+0000] {processor.py:925} INFO - DAG(s) 'banking_fraud_pipeline' retrieved from /opt/airflow/dags/banking_fraud_pipeline_dag.py
[2026-06-28T22:12:05.776+0000] {logging_mixin.py:190} INFO - [2026-06-28T22:12:05.776+0000] {dag.py:3211} INFO - Sync 1 DAGs
[2026-06-28T22:12:05.791+0000] {logging_mixin.py:190} INFO - [2026-06-28T22:12:05.791+0000] {dag.py:4138} INFO - Setting next_dagrun for banking_fraud_pipeline to None, run_after=None
[2026-06-28T22:12:05.826+0000] {processor.py:208} INFO - Processing /opt/airflow/dags/banking_fraud_pipeline_dag.py took 1.206 seconds
[2026-06-28T22:12:36.085+0000] {processor.py:186} INFO - Started process (PID=328) to work on /opt/airflow/dags/banking_fraud_pipeline_dag.py
[2026-06-28T22:12:36.087+0000] {processor.py:914} INFO - Processing file /opt/airflow/dags/banking_fraud_pipeline_dag.py for tasks to queue
[2026-06-28T22:12:36.093+0000] {logging_mixin.py:190} INFO - [2026-06-28T22:12:36.093+0000] {dagbag.py:587} INFO - Filling up the DagBag from /opt/airflow/dags/banking_fraud_pipeline_dag.py
[2026-06-28T22:12:36.968+0000] {processor.py:925} INFO - DAG(s) 'banking_fraud_pipeline' retrieved from /opt/airflow/dags/banking_fraud_pipeline_dag.py
[2026-06-28T22:12:37.002+0000] {logging_mixin.py:190} INFO - [2026-06-28T22:12:37.002+0000] {dag.py:3211} INFO - Sync 1 DAGs
[2026-06-28T22:12:37.017+0000] {logging_mixin.py:190} INFO - [2026-06-28T22:12:37.017+0000] {dag.py:4138} INFO - Setting next_dagrun for banking_fraud_pipeline to None, run_after=None
[2026-06-28T22:12:37.037+0000] {processor.py:208} INFO - Processing /opt/airflow/dags/banking_fraud_pipeline_dag.py took 0.963 seconds
[2026-06-28T22:13:07.152+0000] {processor.py:186} INFO - Started process (PID=334) to work on /opt/airflow/dags/banking_fraud_pipeline_dag.py
[2026-06-28T22:13:07.153+0000] {processor.py:914} INFO - Processing file /opt/airflow/dags/banking_fraud_pipeline_dag.py for tasks to queue
[2026-06-28T22:13:07.158+0000] {logging_mixin.py:190} INFO - [2026-06-28T22:13:07.158+0000] {dagbag.py:587} INFO - Filling up the DagBag from /opt/airflow/dags/banking_fraud_pipeline_dag.py
[2026-06-28T22:13:08.034+0000] {processor.py:925} INFO - DAG(s) 'banking_fraud_pipeline' retrieved from /opt/airflow/dags/banking_fraud_pipeline_dag.py
[2026-06-28T22:13:08.064+0000] {logging_mixin.py:190} INFO - [2026-06-28T22:13:08.063+0000] {dag.py:3211} INFO - Sync 1 DAGs
[2026-06-28T22:13:08.080+0000] {logging_mixin.py:190} INFO - [2026-06-28T22:13:08.079+0000] {dag.py:4138} INFO - Setting next_dagrun for banking_fraud_pipeline to None, run_after=None
[2026-06-28T22:13:08.096+0000] {processor.py:208} INFO - Processing /opt/airflow/dags/banking_fraud_pipeline_dag.py took 0.955 seconds
[2026-06-28T22:13:38.411+0000] {processor.py:186} INFO - Started process (PID=340) to work on /opt/airflow/dags/banking_fraud_pipeline_dag.py
[2026-06-28T22:13:38.412+0000] {processor.py:914} INFO - Processing file /opt/airflow/dags/banking_fraud_pipeline_dag.py for tasks to queue
[2026-06-28T22:13:38.475+0000] {logging_mixin.py:190} INFO - [2026-06-28T22:13:38.474+0000] {dagbag.py:587} INFO - Filling up the DagBag from /opt/airflow/dags/banking_fraud_pipeline_dag.py
[2026-06-28T22:13:39.431+0000] {processor.py:925} INFO - DAG(s) 'banking_fraud_pipeline' retrieved from /opt/airflow/dags/banking_fraud_pipeline_dag.py
[2026-06-28T22:13:39.470+0000] {logging_mixin.py:190} INFO - [2026-06-28T22:13:39.469+0000] {dag.py:3211} INFO - Sync 1 DAGs
[2026-06-28T22:13:39.490+0000] {logging_mixin.py:190} INFO - [2026-06-28T22:13:39.489+0000] {dag.py:4138} INFO - Setting next_dagrun for banking_fraud_pipeline to None, run_after=None
[2026-06-28T22:13:39.512+0000] {processor.py:208} INFO - Processing /opt/airflow/dags/banking_fraud_pipeline_dag.py took 1.113 seconds
[2026-06-28T22:14:09.819+0000] {processor.py:186} INFO - Started process (PID=346) to work on /opt/airflow/dags/banking_fraud_pipeline_dag.py
[2026-06-28T22:14:09.821+0000] {processor.py:914} INFO - Processing file /opt/airflow/dags/banking_fraud_pipeline_dag.py for tasks to queue
[2026-06-28T22:14:09.826+0000] {logging_mixin.py:190} INFO - [2026-06-28T22:14:09.825+0000] {dagbag.py:587} INFO - Filling up the DagBag from /opt/airflow/dags/banking_fraud_pipeline_dag.py
[2026-06-28T22:14:10.607+0000] {processor.py:925} INFO - DAG(s) 'banking_fraud_pipeline' retrieved from /opt/airflow/dags/banking_fraud_pipeline_dag.py
[2026-06-28T22:14:10.662+0000] {logging_mixin.py:190} INFO - [2026-06-28T22:14:10.661+0000] {dag.py:3211} INFO - Sync 1 DAGs
[2026-06-28T22:14:10.676+0000] {logging_mixin.py:190} INFO - [2026-06-28T22:14:10.676+0000] {dag.py:4138} INFO - Setting next_dagrun for banking_fraud_pipeline to None, run_after=None
[2026-06-28T22:14:10.695+0000] {processor.py:208} INFO - Processing /opt/airflow/dags/banking_fraud_pipeline_dag.py took 0.887 seconds
[2026-06-28T22:14:41.052+0000] {processor.py:186} INFO - Started process (PID=352) to work on /opt/airflow/dags/banking_fraud_pipeline_dag.py
[2026-06-28T22:14:41.054+0000] {processor.py:914} INFO - Processing file /opt/airflow/dags/banking_fraud_pipeline_dag.py for tasks to queue
[2026-06-28T22:14:41.058+0000] {logging_mixin.py:190} INFO - [2026-06-28T22:14:41.057+0000] {dagbag.py:587} INFO - Filling up the DagBag from /opt/airflow/dags/banking_fraud_pipeline_dag.py
[2026-06-28T22:14:42.184+0000] {processor.py:925} INFO - DAG(s) 'banking_fraud_pipeline' retrieved from /opt/airflow/dags/banking_fraud_pipeline_dag.py
[2026-06-28T22:14:42.243+0000] {logging_mixin.py:190} INFO - [2026-06-28T22:14:42.242+0000] {dag.py:3211} INFO - Sync 1 DAGs
[2026-06-28T22:14:42.262+0000] {logging_mixin.py:190} INFO - [2026-06-28T22:14:42.262+0000] {dag.py:4138} INFO - Setting next_dagrun for banking_fraud_pipeline to None, run_after=None
[2026-06-28T22:14:42.288+0000] {processor.py:208} INFO - Processing /opt/airflow/dags/banking_fraud_pipeline_dag.py took 1.247 seconds
[2026-06-28T22:15:12.637+0000] {processor.py:186} INFO - Started process (PID=358) to work on /opt/airflow/dags/banking_fraud_pipeline_dag.py
[2026-06-28T22:15:12.639+0000] {processor.py:914} INFO - Processing file /opt/airflow/dags/banking_fraud_pipeline_dag.py for tasks to queue
[2026-06-28T22:15:12.644+0000] {logging_mixin.py:190} INFO - [2026-06-28T22:15:12.643+0000] {dagbag.py:587} INFO - Filling up the DagBag from /opt/airflow/dags/banking_fraud_pipeline_dag.py
[2026-06-28T22:15:13.524+0000] {processor.py:925} INFO - DAG(s) 'banking_fraud_pipeline' retrieved from /opt/airflow/dags/banking_fraud_pipeline_dag.py
[2026-06-28T22:15:13.586+0000] {logging_mixin.py:190} INFO - [2026-06-28T22:15:13.585+0000] {dag.py:3211} INFO - Sync 1 DAGs
[2026-06-28T22:15:13.601+0000] {logging_mixin.py:190} INFO - [2026-06-28T22:15:13.601+0000] {dag.py:4138} INFO - Setting next_dagrun for banking_fraud_pipeline to None, run_after=None
[2026-06-28T22:15:13.623+0000] {processor.py:208} INFO - Processing /opt/airflow/dags/banking_fraud_pipeline_dag.py took 1.000 seconds
[2026-06-28T22:15:43.928+0000] {processor.py:186} INFO - Started process (PID=364) to work on /opt/airflow/dags/banking_fraud_pipeline_dag.py
[2026-06-28T22:15:43.929+0000] {processor.py:914} INFO - Processing file /opt/airflow/dags/banking_fraud_pipeline_dag.py for tasks to queue
[2026-06-28T22:15:43.934+0000] {logging_mixin.py:190} INFO - [2026-06-28T22:15:43.934+0000] {dagbag.py:587} INFO - Filling up the DagBag from /opt/airflow/dags/banking_fraud_pipeline_dag.py
[2026-06-28T22:15:44.815+0000] {processor.py:925} INFO - DAG(s) 'banking_fraud_pipeline' retrieved from /opt/airflow/dags/banking_fraud_pipeline_dag.py
[2026-06-28T22:15:44.860+0000] {logging_mixin.py:190} INFO - [2026-06-28T22:15:44.860+0000] {dag.py:3211} INFO - Sync 1 DAGs
[2026-06-28T22:15:44.885+0000] {logging_mixin.py:190} INFO - [2026-06-28T22:15:44.884+0000] {dag.py:4138} INFO - Setting next_dagrun for banking_fraud_pipeline to None, run_after=None
[2026-06-28T22:15:44.916+0000] {processor.py:208} INFO - Processing /opt/airflow/dags/banking_fraud_pipeline_dag.py took 0.999 seconds
[2026-06-28T22:16:15.253+0000] {processor.py:186} INFO - Started process (PID=370) to work on /opt/airflow/dags/banking_fraud_pipeline_dag.py
[2026-06-28T22:16:15.254+0000] {processor.py:914} INFO - Processing file /opt/airflow/dags/banking_fraud_pipeline_dag.py for tasks to queue
[2026-06-28T22:16:15.259+0000] {logging_mixin.py:190} INFO - [2026-06-28T22:16:15.258+0000] {dagbag.py:587} INFO - Filling up the DagBag from /opt/airflow/dags/banking_fraud_pipeline_dag.py
[2026-06-28T22:16:16.096+0000] {processor.py:925} INFO - DAG(s) 'banking_fraud_pipeline' retrieved from /opt/airflow/dags/banking_fraud_pipeline_dag.py
[2026-06-28T22:16:16.125+0000] {logging_mixin.py:190} INFO - [2026-06-28T22:16:16.125+0000] {dag.py:3211} INFO - Sync 1 DAGs
[2026-06-28T22:16:16.143+0000] {logging_mixin.py:190} INFO - [2026-06-28T22:16:16.143+0000] {dag.py:4138} INFO - Setting next_dagrun for banking_fraud_pipeline to None, run_after=None
[2026-06-28T22:16:16.163+0000] {processor.py:208} INFO - Processing /opt/airflow/dags/banking_fraud_pipeline_dag.py took 0.920 seconds
[2026-06-28T22:16:46.496+0000] {processor.py:186} INFO - Started process (PID=380) to work on /opt/airflow/dags/banking_fraud_pipeline_dag.py
[2026-06-28T22:16:46.499+0000] {processor.py:914} INFO - Processing file /opt/airflow/dags/banking_fraud_pipeline_dag.py for tasks to queue
[2026-06-28T22:16:46.504+0000] {logging_mixin.py:190} INFO - [2026-06-28T22:16:46.503+0000] {dagbag.py:587} INFO - Filling up the DagBag from /opt/airflow/dags/banking_fraud_pipeline_dag.py
[2026-06-28T22:16:47.380+0000] {processor.py:925} INFO - DAG(s) 'banking_fraud_pipeline' retrieved from /opt/airflow/dags/banking_fraud_pipeline_dag.py
[2026-06-28T22:16:47.416+0000] {logging_mixin.py:190} INFO - [2026-06-28T22:16:47.414+0000] {dag.py:3211} INFO - Sync 1 DAGs
[2026-06-28T22:16:47.432+0000] {logging_mixin.py:190} INFO - [2026-06-28T22:16:47.432+0000] {dag.py:4138} INFO - Setting next_dagrun for banking_fraud_pipeline to None, run_after=None
[2026-06-28T22:16:47.451+0000] {processor.py:208} INFO - Processing /opt/airflow/dags/banking_fraud_pipeline_dag.py took 0.965 seconds
[2026-06-28T22:17:17.824+0000] {processor.py:186} INFO - Started process (PID=386) to work on /opt/airflow/dags/banking_fraud_pipeline_dag.py
[2026-06-28T22:17:17.826+0000] {processor.py:914} INFO - Processing file /opt/airflow/dags/banking_fraud_pipeline_dag.py for tasks to queue
[2026-06-28T22:17:17.831+0000] {logging_mixin.py:190} INFO - [2026-06-28T22:17:17.831+0000] {dagbag.py:587} INFO - Filling up the DagBag from /opt/airflow/dags/banking_fraud_pipeline_dag.py
[2026-06-28T22:17:18.684+0000] {processor.py:925} INFO - DAG(s) 'banking_fraud_pipeline' retrieved from /opt/airflow/dags/banking_fraud_pipeline_dag.py
[2026-06-28T22:17:18.721+0000] {logging_mixin.py:190} INFO - [2026-06-28T22:17:18.720+0000] {dag.py:3211} INFO - Sync 1 DAGs
[2026-06-28T22:17:18.737+0000] {logging_mixin.py:190} INFO - [2026-06-28T22:17:18.737+0000] {dag.py:4138} INFO - Setting next_dagrun for banking_fraud_pipeline to None, run_after=None
[2026-06-28T22:17:18.760+0000] {processor.py:208} INFO - Processing /opt/airflow/dags/banking_fraud_pipeline_dag.py took 0.945 seconds
[2026-06-28T22:17:49.189+0000] {processor.py:186} INFO - Started process (PID=392) to work on /opt/airflow/dags/banking_fraud_pipeline_dag.py
[2026-06-28T22:17:49.191+0000] {processor.py:914} INFO - Processing file /opt/airflow/dags/banking_fraud_pipeline_dag.py for tasks to queue
[2026-06-28T22:17:49.196+0000] {logging_mixin.py:190} INFO - [2026-06-28T22:17:49.195+0000] {dagbag.py:587} INFO - Filling up the DagBag from /opt/airflow/dags/banking_fraud_pipeline_dag.py
[2026-06-28T22:17:50.016+0000] {processor.py:925} INFO - DAG(s) 'banking_fraud_pipeline' retrieved from /opt/airflow/dags/banking_fraud_pipeline_dag.py
[2026-06-28T22:17:50.049+0000] {logging_mixin.py:190} INFO - [2026-06-28T22:17:50.048+0000] {dag.py:3211} INFO - Sync 1 DAGs
[2026-06-28T22:17:50.065+0000] {logging_mixin.py:190} INFO - [2026-06-28T22:17:50.064+0000] {dag.py:4138} INFO - Setting next_dagrun for banking_fraud_pipeline to None, run_after=None
[2026-06-28T22:17:50.085+0000] {processor.py:208} INFO - Processing /opt/airflow/dags/banking_fraud_pipeline_dag.py took 0.905 seconds
[2026-06-28T22:18:20.356+0000] {processor.py:186} INFO - Started process (PID=398) to work on /opt/airflow/dags/banking_fraud_pipeline_dag.py
[2026-06-28T22:18:20.357+0000] {processor.py:914} INFO - Processing file /opt/airflow/dags/banking_fraud_pipeline_dag.py for tasks to queue
[2026-06-28T22:18:20.361+0000] {logging_mixin.py:190} INFO - [2026-06-28T22:18:20.360+0000] {dagbag.py:587} INFO - Filling up the DagBag from /opt/airflow/dags/banking_fraud_pipeline_dag.py
[2026-06-28T22:18:21.252+0000] {processor.py:925} INFO - DAG(s) 'banking_fraud_pipeline' retrieved from /opt/airflow/dags/banking_fraud_pipeline_dag.py
[2026-06-28T22:18:21.284+0000] {logging_mixin.py:190} INFO - [2026-06-28T22:18:21.284+0000] {dag.py:3211} INFO - Sync 1 DAGs
[2026-06-28T22:18:21.299+0000] {logging_mixin.py:190} INFO - [2026-06-28T22:18:21.298+0000] {dag.py:4138} INFO - Setting next_dagrun for banking_fraud_pipeline to None, run_after=None
[2026-06-28T22:18:21.318+0000] {processor.py:208} INFO - Processing /opt/airflow/dags/banking_fraud_pipeline_dag.py took 0.973 seconds
[2026-06-28T22:18:51.604+0000] {processor.py:186} INFO - Started process (PID=404) to work on /opt/airflow/dags/banking_fraud_pipeline_dag.py
[2026-06-28T22:18:51.605+0000] {processor.py:914} INFO - Processing file /opt/airflow/dags/banking_fraud_pipeline_dag.py for tasks to queue
[2026-06-28T22:18:51.608+0000] {logging_mixin.py:190} INFO - [2026-06-28T22:18:51.607+0000] {dagbag.py:587} INFO - Filling up the DagBag from /opt/airflow/dags/banking_fraud_pipeline_dag.py
[2026-06-28T22:18:52.436+0000] {processor.py:925} INFO - DAG(s) 'banking_fraud_pipeline' retrieved from /opt/airflow/dags/banking_fraud_pipeline_dag.py
[2026-06-28T22:18:52.462+0000] {logging_mixin.py:190} INFO - [2026-06-28T22:18:52.462+0000] {dag.py:3211} INFO - Sync 1 DAGs
[2026-06-28T22:18:52.476+0000] {logging_mixin.py:190} INFO - [2026-06-28T22:18:52.476+0000] {dag.py:4138} INFO - Setting next_dagrun for banking_fraud_pipeline to None, run_after=None
[2026-06-28T22:18:52.495+0000] {processor.py:208} INFO - Processing /opt/airflow/dags/banking_fraud_pipeline_dag.py took 0.897 seconds
[2026-06-28T22:19:22.810+0000] {processor.py:186} INFO - Started process (PID=410) to work on /opt/airflow/dags/banking_fraud_pipeline_dag.py
[2026-06-28T22:19:22.812+0000] {processor.py:914} INFO - Processing file /opt/airflow/dags/banking_fraud_pipeline_dag.py for tasks to queue
[2026-06-28T22:19:22.816+0000] {logging_mixin.py:190} INFO - [2026-06-28T22:19:22.816+0000] {dagbag.py:587} INFO - Filling up the DagBag from /opt/airflow/dags/banking_fraud_pipeline_dag.py
[2026-06-28T22:19:23.915+0000] {processor.py:925} INFO - DAG(s) 'banking_fraud_pipeline' retrieved from /opt/airflow/dags/banking_fraud_pipeline_dag.py
[2026-06-28T22:19:23.948+0000] {logging_mixin.py:190} INFO - [2026-06-28T22:19:23.948+0000] {dag.py:3211} INFO - Sync 1 DAGs
[2026-06-28T22:19:23.969+0000] {logging_mixin.py:190} INFO - [2026-06-28T22:19:23.969+0000] {dag.py:4138} INFO - Setting next_dagrun for banking_fraud_pipeline to None, run_after=None
[2026-06-28T22:19:23.990+0000] {processor.py:208} INFO - Processing /opt/airflow/dags/banking_fraud_pipeline_dag.py took 1.188 seconds
[2026-06-28T22:19:54.291+0000] {processor.py:186} INFO - Started process (PID=416) to work on /opt/airflow/dags/banking_fraud_pipeline_dag.py
[2026-06-28T22:19:54.293+0000] {processor.py:914} INFO - Processing file /opt/airflow/dags/banking_fraud_pipeline_dag.py for tasks to queue
[2026-06-28T22:19:54.301+0000] {logging_mixin.py:190} INFO - [2026-06-28T22:19:54.300+0000] {dagbag.py:587} INFO - Filling up the DagBag from /opt/airflow/dags/banking_fraud_pipeline_dag.py
[2026-06-28T22:19:55.124+0000] {processor.py:925} INFO - DAG(s) 'banking_fraud_pipeline' retrieved from /opt/airflow/dags/banking_fraud_pipeline_dag.py
[2026-06-28T22:19:55.167+0000] {logging_mixin.py:190} INFO - [2026-06-28T22:19:55.167+0000] {dag.py:3211} INFO - Sync 1 DAGs
[2026-06-28T22:19:55.187+0000] {logging_mixin.py:190} INFO - [2026-06-28T22:19:55.187+0000] {dag.py:4138} INFO - Setting next_dagrun for banking_fraud_pipeline to None, run_after=None
[2026-06-28T22:19:55.209+0000] {processor.py:208} INFO - Processing /opt/airflow/dags/banking_fraud_pipeline_dag.py took 0.932 seconds
[2026-06-28T22:20:25.549+0000] {processor.py:186} INFO - Started process (PID=422) to work on /opt/airflow/dags/banking_fraud_pipeline_dag.py
[2026-06-28T22:20:25.551+0000] {processor.py:914} INFO - Processing file /opt/airflow/dags/banking_fraud_pipeline_dag.py for tasks to queue
[2026-06-28T22:20:25.556+0000] {logging_mixin.py:190} INFO - [2026-06-28T22:20:25.555+0000] {dagbag.py:587} INFO - Filling up the DagBag from /opt/airflow/dags/banking_fraud_pipeline_dag.py
[2026-06-28T22:20:27.391+0000] {processor.py:925} INFO - DAG(s) 'banking_fraud_pipeline' retrieved from /opt/airflow/dags/banking_fraud_pipeline_dag.py
[2026-06-28T22:20:27.437+0000] {logging_mixin.py:190} INFO - [2026-06-28T22:20:27.436+0000] {dag.py:3211} INFO - Sync 1 DAGs
[2026-06-28T22:20:27.453+0000] {logging_mixin.py:190} INFO - [2026-06-28T22:20:27.452+0000] {dag.py:4138} INFO - Setting next_dagrun for banking_fraud_pipeline to None, run_after=None
[2026-06-28T22:20:27.475+0000] {processor.py:208} INFO - Processing /opt/airflow/dags/banking_fraud_pipeline_dag.py took 1.940 seconds
[2026-06-28T22:20:57.772+0000] {processor.py:186} INFO - Started process (PID=428) to work on /opt/airflow/dags/banking_fraud_pipeline_dag.py
[2026-06-28T22:20:57.774+0000] {processor.py:914} INFO - Processing file /opt/airflow/dags/banking_fraud_pipeline_dag.py for tasks to queue
[2026-06-28T22:20:57.777+0000] {logging_mixin.py:190} INFO - [2026-06-28T22:20:57.777+0000] {dagbag.py:587} INFO - Filling up the DagBag from /opt/airflow/dags/banking_fraud_pipeline_dag.py
[2026-06-28T22:20:58.923+0000] {processor.py:925} INFO - DAG(s) 'banking_fraud_pipeline' retrieved from /opt/airflow/dags/banking_fraud_pipeline_dag.py
[2026-06-28T22:20:58.968+0000] {logging_mixin.py:190} INFO - [2026-06-28T22:20:58.967+0000] {dag.py:3211} INFO - Sync 1 DAGs
[2026-06-28T22:20:59.001+0000] {logging_mixin.py:190} INFO - [2026-06-28T22:20:59.000+0000] {dag.py:4138} INFO - Setting next_dagrun for banking_fraud_pipeline to None, run_after=None
[2026-06-28T22:20:59.040+0000] {processor.py:208} INFO - Processing /opt/airflow/dags/banking_fraud_pipeline_dag.py took 1.277 seconds
[2026-06-28T22:21:29.369+0000] {processor.py:186} INFO - Started process (PID=434) to work on /opt/airflow/dags/banking_fraud_pipeline_dag.py
[2026-06-28T22:21:29.371+0000] {processor.py:914} INFO - Processing file /opt/airflow/dags/banking_fraud_pipeline_dag.py for tasks to queue
[2026-06-28T22:21:29.377+0000] {logging_mixin.py:190} INFO - [2026-06-28T22:21:29.376+0000] {dagbag.py:587} INFO - Filling up the DagBag from /opt/airflow/dags/banking_fraud_pipeline_dag.py
[2026-06-28T22:21:30.422+0000] {processor.py:925} INFO - DAG(s) 'banking_fraud_pipeline' retrieved from /opt/airflow/dags/banking_fraud_pipeline_dag.py
[2026-06-28T22:21:30.466+0000] {logging_mixin.py:190} INFO - [2026-06-28T22:21:30.465+0000] {dag.py:3211} INFO - Sync 1 DAGs
[2026-06-28T22:21:30.483+0000] {logging_mixin.py:190} INFO - [2026-06-28T22:21:30.482+0000] {dag.py:4138} INFO - Setting next_dagrun for banking_fraud_pipeline to None, run_after=None
[2026-06-28T22:21:30.504+0000] {processor.py:208} INFO - Processing /opt/airflow/dags/banking_fraud_pipeline_dag.py took 1.149 seconds
[2026-06-28T22:22:00.699+0000] {processor.py:186} INFO - Started process (PID=440) to work on /opt/airflow/dags/banking_fraud_pipeline_dag.py
[2026-06-28T22:22:00.701+0000] {processor.py:914} INFO - Processing file /opt/airflow/dags/banking_fraud_pipeline_dag.py for tasks to queue
[2026-06-28T22:22:00.706+0000] {logging_mixin.py:190} INFO - [2026-06-28T22:22:00.705+0000] {dagbag.py:587} INFO - Filling up the DagBag from /opt/airflow/dags/banking_fraud_pipeline_dag.py
[2026-06-28T22:22:01.598+0000] {processor.py:925} INFO - DAG(s) 'banking_fraud_pipeline' retrieved from /opt/airflow/dags/banking_fraud_pipeline_dag.py
[2026-06-28T22:22:01.631+0000] {logging_mixin.py:190} INFO - [2026-06-28T22:22:01.630+0000] {dag.py:3211} INFO - Sync 1 DAGs
[2026-06-28T22:22:01.653+0000] {logging_mixin.py:190} INFO - [2026-06-28T22:22:01.652+0000] {dag.py:4138} INFO - Setting next_dagrun for banking_fraud_pipeline to None, run_after=None
[2026-06-28T22:22:01.674+0000] {processor.py:208} INFO - Processing /opt/airflow/dags/banking_fraud_pipeline_dag.py took 0.985 seconds
[2026-06-28T22:22:31.939+0000] {processor.py:186} INFO - Started process (PID=446) to work on /opt/airflow/dags/banking_fraud_pipeline_dag.py
[2026-06-28T22:22:31.941+0000] {processor.py:914} INFO - Processing file /opt/airflow/dags/banking_fraud_pipeline_dag.py for tasks to queue
[2026-06-28T22:22:31.947+0000] {logging_mixin.py:190} INFO - [2026-06-28T22:22:31.946+0000] {dagbag.py:587} INFO - Filling up the DagBag from /opt/airflow/dags/banking_fraud_pipeline_dag.py
[2026-06-28T22:22:32.969+0000] {processor.py:925} INFO - DAG(s) 'banking_fraud_pipeline' retrieved from /opt/airflow/dags/banking_fraud_pipeline_dag.py
[2026-06-28T22:22:33.016+0000] {logging_mixin.py:190} INFO - [2026-06-28T22:22:33.014+0000] {dag.py:3211} INFO - Sync 1 DAGs
[2026-06-28T22:22:33.031+0000] {logging_mixin.py:190} INFO - [2026-06-28T22:22:33.031+0000] {dag.py:4138} INFO - Setting next_dagrun for banking_fraud_pipeline to None, run_after=None
[2026-06-28T22:22:33.048+0000] {processor.py:208} INFO - Processing /opt/airflow/dags/banking_fraud_pipeline_dag.py took 1.120 seconds
[2026-06-28T22:23:03.230+0000] {processor.py:186} INFO - Started process (PID=452) to work on /opt/airflow/dags/banking_fraud_pipeline_dag.py
[2026-06-28T22:23:03.232+0000] {processor.py:914} INFO - Processing file /opt/airflow/dags/banking_fraud_pipeline_dag.py for tasks to queue
[2026-06-28T22:23:03.236+0000] {logging_mixin.py:190} INFO - [2026-06-28T22:23:03.235+0000] {dagbag.py:587} INFO - Filling up the DagBag from /opt/airflow/dags/banking_fraud_pipeline_dag.py
[2026-06-28T22:23:04.190+0000] {processor.py:925} INFO - DAG(s) 'banking_fraud_pipeline' retrieved from /opt/airflow/dags/banking_fraud_pipeline_dag.py
[2026-06-28T22:23:04.227+0000] {logging_mixin.py:190} INFO - [2026-06-28T22:23:04.226+0000] {dag.py:3211} INFO - Sync 1 DAGs
[2026-06-28T22:23:04.242+0000] {logging_mixin.py:190} INFO - [2026-06-28T22:23:04.242+0000] {dag.py:4138} INFO - Setting next_dagrun for banking_fraud_pipeline to None, run_after=None
[2026-06-28T22:23:04.263+0000] {processor.py:208} INFO - Processing /opt/airflow/dags/banking_fraud_pipeline_dag.py took 1.044 seconds
[2026-06-28T22:23:34.568+0000] {processor.py:186} INFO - Started process (PID=458) to work on /opt/airflow/dags/banking_fraud_pipeline_dag.py
[2026-06-28T22:23:34.570+0000] {processor.py:914} INFO - Processing file /opt/airflow/dags/banking_fraud_pipeline_dag.py for tasks to queue
[2026-06-28T22:23:34.576+0000] {logging_mixin.py:190} INFO - [2026-06-28T22:23:34.575+0000] {dagbag.py:587} INFO - Filling up the DagBag from /opt/airflow/dags/banking_fraud_pipeline_dag.py
[2026-06-28T22:23:35.559+0000] {processor.py:925} INFO - DAG(s) 'banking_fraud_pipeline' retrieved from /opt/airflow/dags/banking_fraud_pipeline_dag.py
[2026-06-28T22:23:35.603+0000] {logging_mixin.py:190} INFO - [2026-06-28T22:23:35.602+0000] {dag.py:3211} INFO - Sync 1 DAGs
[2026-06-28T22:23:35.626+0000] {logging_mixin.py:190} INFO - [2026-06-28T22:23:35.625+0000] {dag.py:4138} INFO - Setting next_dagrun for banking_fraud_pipeline to None, run_after=None
[2026-06-28T22:23:35.650+0000] {processor.py:208} INFO - Processing /opt/airflow/dags/banking_fraud_pipeline_dag.py took 1.091 seconds
[2026-06-28T22:24:05.933+0000] {processor.py:186} INFO - Started process (PID=464) to work on /opt/airflow/dags/banking_fraud_pipeline_dag.py
[2026-06-28T22:24:05.934+0000] {processor.py:914} INFO - Processing file /opt/airflow/dags/banking_fraud_pipeline_dag.py for tasks to queue
[2026-06-28T22:24:05.938+0000] {logging_mixin.py:190} INFO - [2026-06-28T22:24:05.938+0000] {dagbag.py:587} INFO - Filling up the DagBag from /opt/airflow/dags/banking_fraud_pipeline_dag.py
[2026-06-28T22:24:06.836+0000] {processor.py:925} INFO - DAG(s) 'banking_fraud_pipeline' retrieved from /opt/airflow/dags/banking_fraud_pipeline_dag.py
[2026-06-28T22:24:06.867+0000] {logging_mixin.py:190} INFO - [2026-06-28T22:24:06.867+0000] {dag.py:3211} INFO - Sync 1 DAGs
[2026-06-28T22:24:06.881+0000] {logging_mixin.py:190} INFO - [2026-06-28T22:24:06.881+0000] {dag.py:4138} INFO - Setting next_dagrun for banking_fraud_pipeline to None, run_after=None
[2026-06-28T22:24:06.899+0000] {processor.py:208} INFO - Processing /opt/airflow/dags/banking_fraud_pipeline_dag.py took 0.976 seconds
[2026-06-28T22:24:37.163+0000] {processor.py:186} INFO - Started process (PID=470) to work on /opt/airflow/dags/banking_fraud_pipeline_dag.py
[2026-06-28T22:24:37.165+0000] {processor.py:914} INFO - Processing file /opt/airflow/dags/banking_fraud_pipeline_dag.py for tasks to queue
[2026-06-28T22:24:37.171+0000] {logging_mixin.py:190} INFO - [2026-06-28T22:24:37.170+0000] {dagbag.py:587} INFO - Filling up the DagBag from /opt/airflow/dags/banking_fraud_pipeline_dag.py
[2026-06-28T22:24:38.055+0000] {processor.py:925} INFO - DAG(s) 'banking_fraud_pipeline' retrieved from /opt/airflow/dags/banking_fraud_pipeline_dag.py
[2026-06-28T22:24:38.086+0000] {logging_mixin.py:190} INFO - [2026-06-28T22:24:38.085+0000] {dag.py:3211} INFO - Sync 1 DAGs
[2026-06-28T22:24:38.102+0000] {logging_mixin.py:190} INFO - [2026-06-28T22:24:38.102+0000] {dag.py:4138} INFO - Setting next_dagrun for banking_fraud_pipeline to None, run_after=None
[2026-06-28T22:24:38.125+0000] {processor.py:208} INFO - Processing /opt/airflow/dags/banking_fraud_pipeline_dag.py took 0.973 seconds
[2026-06-28T22:25:08.532+0000] {processor.py:186} INFO - Started process (PID=476) to work on /opt/airflow/dags/banking_fraud_pipeline_dag.py
[2026-06-28T22:25:08.533+0000] {processor.py:914} INFO - Processing file /opt/airflow/dags/banking_fraud_pipeline_dag.py for tasks to queue
[2026-06-28T22:25:08.537+0000] {logging_mixin.py:190} INFO - [2026-06-28T22:25:08.537+0000] {dagbag.py:587} INFO - Filling up the DagBag from /opt/airflow/dags/banking_fraud_pipeline_dag.py
[2026-06-28T22:25:09.311+0000] {processor.py:925} INFO - DAG(s) 'banking_fraud_pipeline' retrieved from /opt/airflow/dags/banking_fraud_pipeline_dag.py
[2026-06-28T22:25:09.343+0000] {logging_mixin.py:190} INFO - [2026-06-28T22:25:09.343+0000] {dag.py:3211} INFO - Sync 1 DAGs
[2026-06-28T22:25:09.358+0000] {logging_mixin.py:190} INFO - [2026-06-28T22:25:09.358+0000] {dag.py:4138} INFO - Setting next_dagrun for banking_fraud_pipeline to None, run_after=None
[2026-06-28T22:25:09.375+0000] {processor.py:208} INFO - Processing /opt/airflow/dags/banking_fraud_pipeline_dag.py took 0.854 seconds
[2026-06-28T22:25:39.651+0000] {processor.py:186} INFO - Started process (PID=482) to work on /opt/airflow/dags/banking_fraud_pipeline_dag.py
[2026-06-28T22:25:39.653+0000] {processor.py:914} INFO - Processing file /opt/airflow/dags/banking_fraud_pipeline_dag.py for tasks to queue
[2026-06-28T22:25:39.657+0000] {logging_mixin.py:190} INFO - [2026-06-28T22:25:39.656+0000] {dagbag.py:587} INFO - Filling up the DagBag from /opt/airflow/dags/banking_fraud_pipeline_dag.py
[2026-06-28T22:25:40.665+0000] {processor.py:925} INFO - DAG(s) 'banking_fraud_pipeline' retrieved from /opt/airflow/dags/banking_fraud_pipeline_dag.py
[2026-06-28T22:25:40.711+0000] {logging_mixin.py:190} INFO - [2026-06-28T22:25:40.711+0000] {dag.py:3211} INFO - Sync 1 DAGs
[2026-06-28T22:25:40.730+0000] {logging_mixin.py:190} INFO - [2026-06-28T22:25:40.730+0000] {dag.py:4138} INFO - Setting next_dagrun for banking_fraud_pipeline to None, run_after=None
[2026-06-28T22:25:40.754+0000] {processor.py:208} INFO - Processing /opt/airflow/dags/banking_fraud_pipeline_dag.py took 1.115 seconds
[2026-06-28T22:26:11.170+0000] {processor.py:186} INFO - Started process (PID=488) to work on /opt/airflow/dags/banking_fraud_pipeline_dag.py
[2026-06-28T22:26:11.171+0000] {processor.py:914} INFO - Processing file /opt/airflow/dags/banking_fraud_pipeline_dag.py for tasks to queue
[2026-06-28T22:26:11.175+0000] {logging_mixin.py:190} INFO - [2026-06-28T22:26:11.175+0000] {dagbag.py:587} INFO - Filling up the DagBag from /opt/airflow/dags/banking_fraud_pipeline_dag.py
[2026-06-28T22:26:12.091+0000] {processor.py:925} INFO - DAG(s) 'banking_fraud_pipeline' retrieved from /opt/airflow/dags/banking_fraud_pipeline_dag.py
[2026-06-28T22:26:12.131+0000] {logging_mixin.py:190} INFO - [2026-06-28T22:26:12.130+0000] {dag.py:3211} INFO - Sync 1 DAGs
[2026-06-28T22:26:12.150+0000] {logging_mixin.py:190} INFO - [2026-06-28T22:26:12.150+0000] {dag.py:4138} INFO - Setting next_dagrun for banking_fraud_pipeline to None, run_after=None
[2026-06-28T22:26:12.172+0000] {processor.py:208} INFO - Processing /opt/airflow/dags/banking_fraud_pipeline_dag.py took 1.011 seconds
[2026-06-28T22:26:42.478+0000] {processor.py:186} INFO - Started process (PID=494) to work on /opt/airflow/dags/banking_fraud_pipeline_dag.py
[2026-06-28T22:26:42.479+0000] {processor.py:914} INFO - Processing file /opt/airflow/dags/banking_fraud_pipeline_dag.py for tasks to queue
[2026-06-28T22:26:42.483+0000] {logging_mixin.py:190} INFO - [2026-06-28T22:26:42.483+0000] {dagbag.py:587} INFO - Filling up the DagBag from /opt/airflow/dags/banking_fraud_pipeline_dag.py
[2026-06-28T22:26:43.652+0000] {processor.py:925} INFO - DAG(s) 'banking_fraud_pipeline' retrieved from /opt/airflow/dags/banking_fraud_pipeline_dag.py
[2026-06-28T22:26:43.708+0000] {logging_mixin.py:190} INFO - [2026-06-28T22:26:43.708+0000] {dag.py:3211} INFO - Sync 1 DAGs
[2026-06-28T22:26:43.721+0000] {logging_mixin.py:190} INFO - [2026-06-28T22:26:43.720+0000] {dag.py:4138} INFO - Setting next_dagrun for banking_fraud_pipeline to None, run_after=None
[2026-06-28T22:26:43.739+0000] {processor.py:208} INFO - Processing /opt/airflow/dags/banking_fraud_pipeline_dag.py took 1.271 seconds
[2026-06-28T22:27:14.077+0000] {processor.py:186} INFO - Started process (PID=500) to work on /opt/airflow/dags/banking_fraud_pipeline_dag.py
[2026-06-28T22:27:14.078+0000] {processor.py:914} INFO - Processing file /opt/airflow/dags/banking_fraud_pipeline_dag.py for tasks to queue
[2026-06-28T22:27:14.083+0000] {logging_mixin.py:190} INFO - [2026-06-28T22:27:14.082+0000] {dagbag.py:587} INFO - Filling up the DagBag from /opt/airflow/dags/banking_fraud_pipeline_dag.py
[2026-06-28T22:27:15.012+0000] {processor.py:925} INFO - DAG(s) 'banking_fraud_pipeline' retrieved from /opt/airflow/dags/banking_fraud_pipeline_dag.py
[2026-06-28T22:27:15.076+0000] {logging_mixin.py:190} INFO - [2026-06-28T22:27:15.075+0000] {dag.py:3211} INFO - Sync 1 DAGs
[2026-06-28T22:27:15.095+0000] {logging_mixin.py:190} INFO - [2026-06-28T22:27:15.094+0000] {dag.py:4138} INFO - Setting next_dagrun for banking_fraud_pipeline to None, run_after=None
[2026-06-28T22:27:15.121+0000] {processor.py:208} INFO - Processing /opt/airflow/dags/banking_fraud_pipeline_dag.py took 1.055 seconds
[2026-06-28T22:27:45.437+0000] {processor.py:186} INFO - Started process (PID=506) to work on /opt/airflow/dags/banking_fraud_pipeline_dag.py
[2026-06-28T22:27:45.439+0000] {processor.py:914} INFO - Processing file /opt/airflow/dags/banking_fraud_pipeline_dag.py for tasks to queue
[2026-06-28T22:27:45.445+0000] {logging_mixin.py:190} INFO - [2026-06-28T22:27:45.444+0000] {dagbag.py:587} INFO - Filling up the DagBag from /opt/airflow/dags/banking_fraud_pipeline_dag.py
[2026-06-28T22:27:46.528+0000] {processor.py:925} INFO - DAG(s) 'banking_fraud_pipeline' retrieved from /opt/airflow/dags/banking_fraud_pipeline_dag.py
[2026-06-28T22:27:46.570+0000] {logging_mixin.py:190} INFO - [2026-06-28T22:27:46.569+0000] {dag.py:3211} INFO - Sync 1 DAGs
[2026-06-28T22:27:46.591+0000] {logging_mixin.py:190} INFO - [2026-06-28T22:27:46.591+0000] {dag.py:4138} INFO - Setting next_dagrun for banking_fraud_pipeline to None, run_after=None
[2026-06-28T22:27:46.633+0000] {processor.py:208} INFO - Processing /opt/airflow/dags/banking_fraud_pipeline_dag.py took 1.204 seconds
[2026-06-28T22:28:16.934+0000] {processor.py:186} INFO - Started process (PID=512) to work on /opt/airflow/dags/banking_fraud_pipeline_dag.py
[2026-06-28T22:28:16.936+0000] {processor.py:914} INFO - Processing file /opt/airflow/dags/banking_fraud_pipeline_dag.py for tasks to queue
[2026-06-28T22:28:16.940+0000] {logging_mixin.py:190} INFO - [2026-06-28T22:28:16.939+0000] {dagbag.py:587} INFO - Filling up the DagBag from /opt/airflow/dags/banking_fraud_pipeline_dag.py
[2026-06-28T22:28:17.747+0000] {processor.py:925} INFO - DAG(s) 'banking_fraud_pipeline' retrieved from /opt/airflow/dags/banking_fraud_pipeline_dag.py
[2026-06-28T22:28:17.779+0000] {logging_mixin.py:190} INFO - [2026-06-28T22:28:17.777+0000] {dag.py:3211} INFO - Sync 1 DAGs
[2026-06-28T22:28:17.794+0000] {logging_mixin.py:190} INFO - [2026-06-28T22:28:17.794+0000] {dag.py:4138} INFO - Setting next_dagrun for banking_fraud_pipeline to None, run_after=None
[2026-06-28T22:28:17.815+0000] {processor.py:208} INFO - Processing /opt/airflow/dags/banking_fraud_pipeline_dag.py took 0.892 seconds
[2026-06-28T22:28:47.922+0000] {processor.py:186} INFO - Started process (PID=518) to work on /opt/airflow/dags/banking_fraud_pipeline_dag.py
[2026-06-28T22:28:47.924+0000] {processor.py:914} INFO - Processing file /opt/airflow/dags/banking_fraud_pipeline_dag.py for tasks to queue
[2026-06-28T22:28:47.930+0000] {logging_mixin.py:190} INFO - [2026-06-28T22:28:47.929+0000] {dagbag.py:587} INFO - Filling up the DagBag from /opt/airflow/dags/banking_fraud_pipeline_dag.py
[2026-06-28T22:28:48.793+0000] {processor.py:925} INFO - DAG(s) 'banking_fraud_pipeline' retrieved from /opt/airflow/dags/banking_fraud_pipeline_dag.py
[2026-06-28T22:28:48.824+0000] {logging_mixin.py:190} INFO - [2026-06-28T22:28:48.823+0000] {dag.py:3211} INFO - Sync 1 DAGs
[2026-06-28T22:28:48.839+0000] {logging_mixin.py:190} INFO - [2026-06-28T22:28:48.838+0000] {dag.py:4138} INFO - Setting next_dagrun for banking_fraud_pipeline to None, run_after=None
[2026-06-28T22:28:48.859+0000] {processor.py:208} INFO - Processing /opt/airflow/dags/banking_fraud_pipeline_dag.py took 0.949 seconds
[2026-06-28T22:29:19.219+0000] {processor.py:186} INFO - Started process (PID=524) to work on /opt/airflow/dags/banking_fraud_pipeline_dag.py
[2026-06-28T22:29:19.220+0000] {processor.py:914} INFO - Processing file /opt/airflow/dags/banking_fraud_pipeline_dag.py for tasks to queue
[2026-06-28T22:29:19.225+0000] {logging_mixin.py:190} INFO - [2026-06-28T22:29:19.224+0000] {dagbag.py:587} INFO - Filling up the DagBag from /opt/airflow/dags/banking_fraud_pipeline_dag.py
[2026-06-28T22:29:20.029+0000] {processor.py:925} INFO - DAG(s) 'banking_fraud_pipeline' retrieved from /opt/airflow/dags/banking_fraud_pipeline_dag.py
[2026-06-28T22:29:20.064+0000] {logging_mixin.py:190} INFO - [2026-06-28T22:29:20.063+0000] {dag.py:3211} INFO - Sync 1 DAGs
[2026-06-28T22:29:20.083+0000] {logging_mixin.py:190} INFO - [2026-06-28T22:29:20.082+0000] {dag.py:4138} INFO - Setting next_dagrun for banking_fraud_pipeline to None, run_after=None
[2026-06-28T22:29:20.108+0000] {processor.py:208} INFO - Processing /opt/airflow/dags/banking_fraud_pipeline_dag.py took 0.900 seconds
[2026-06-28T22:29:50.867+0000] {processor.py:186} INFO - Started process (PID=530) to work on /opt/airflow/dags/banking_fraud_pipeline_dag.py
[2026-06-28T22:29:50.869+0000] {processor.py:914} INFO - Processing file /opt/airflow/dags/banking_fraud_pipeline_dag.py for tasks to queue
[2026-06-28T22:29:50.874+0000] {logging_mixin.py:190} INFO - [2026-06-28T22:29:50.874+0000] {dagbag.py:587} INFO - Filling up the DagBag from /opt/airflow/dags/banking_fraud_pipeline_dag.py
[2026-06-28T22:29:52.222+0000] {processor.py:925} INFO - DAG(s) 'banking_fraud_pipeline' retrieved from /opt/airflow/dags/banking_fraud_pipeline_dag.py
[2026-06-28T22:29:52.259+0000] {logging_mixin.py:190} INFO - [2026-06-28T22:29:52.258+0000] {dag.py:3211} INFO - Sync 1 DAGs
[2026-06-28T22:29:52.275+0000] {logging_mixin.py:190} INFO - [2026-06-28T22:29:52.274+0000] {dag.py:4138} INFO - Setting next_dagrun for banking_fraud_pipeline to None, run_after=None
[2026-06-28T22:29:52.294+0000] {processor.py:208} INFO - Processing /opt/airflow/dags/banking_fraud_pipeline_dag.py took 1.435 seconds
[2026-06-28T22:30:22.649+0000] {processor.py:186} INFO - Started process (PID=536) to work on /opt/airflow/dags/banking_fraud_pipeline_dag.py
[2026-06-28T22:30:22.651+0000] {processor.py:914} INFO - Processing file /opt/airflow/dags/banking_fraud_pipeline_dag.py for tasks to queue
[2026-06-28T22:30:22.655+0000] {logging_mixin.py:190} INFO - [2026-06-28T22:30:22.654+0000] {dagbag.py:587} INFO - Filling up the DagBag from /opt/airflow/dags/banking_fraud_pipeline_dag.py
[2026-06-28T22:30:23.585+0000] {processor.py:925} INFO - DAG(s) 'banking_fraud_pipeline' retrieved from /opt/airflow/dags/banking_fraud_pipeline_dag.py
[2026-06-28T22:30:23.624+0000] {logging_mixin.py:190} INFO - [2026-06-28T22:30:23.624+0000] {dag.py:3211} INFO - Sync 1 DAGs
[2026-06-28T22:30:23.639+0000] {logging_mixin.py:190} INFO - [2026-06-28T22:30:23.639+0000] {dag.py:4138} INFO - Setting next_dagrun for banking_fraud_pipeline to None, run_after=None
[2026-06-28T22:30:23.662+0000] {processor.py:208} INFO - Processing /opt/airflow/dags/banking_fraud_pipeline_dag.py took 1.022 seconds
[2026-06-28T22:30:54.008+0000] {processor.py:186} INFO - Started process (PID=542) to work on /opt/airflow/dags/banking_fraud_pipeline_dag.py
[2026-06-28T22:30:54.010+0000] {processor.py:914} INFO - Processing file /opt/airflow/dags/banking_fraud_pipeline_dag.py for tasks to queue
[2026-06-28T22:30:54.014+0000] {logging_mixin.py:190} INFO - [2026-06-28T22:30:54.014+0000] {dagbag.py:587} INFO - Filling up the DagBag from /opt/airflow/dags/banking_fraud_pipeline_dag.py
[2026-06-28T22:30:54.809+0000] {processor.py:925} INFO - DAG(s) 'banking_fraud_pipeline' retrieved from /opt/airflow/dags/banking_fraud_pipeline_dag.py
[2026-06-28T22:30:54.842+0000] {logging_mixin.py:190} INFO - [2026-06-28T22:30:54.840+0000] {dag.py:3211} INFO - Sync 1 DAGs
[2026-06-28T22:30:54.855+0000] {logging_mixin.py:190} INFO - [2026-06-28T22:30:54.855+0000] {dag.py:4138} INFO - Setting next_dagrun for banking_fraud_pipeline to None, run_after=None
[2026-06-28T22:30:54.873+0000] {processor.py:208} INFO - Processing /opt/airflow/dags/banking_fraud_pipeline_dag.py took 0.875 seconds
[2026-06-28T22:31:25.148+0000] {processor.py:186} INFO - Started process (PID=548) to work on /opt/airflow/dags/banking_fraud_pipeline_dag.py
[2026-06-28T22:31:25.149+0000] {processor.py:914} INFO - Processing file /opt/airflow/dags/banking_fraud_pipeline_dag.py for tasks to queue
[2026-06-28T22:31:25.153+0000] {logging_mixin.py:190} INFO - [2026-06-28T22:31:25.152+0000] {dagbag.py:587} INFO - Filling up the DagBag from /opt/airflow/dags/banking_fraud_pipeline_dag.py
[2026-06-28T22:31:26.166+0000] {processor.py:925} INFO - DAG(s) 'banking_fraud_pipeline' retrieved from /opt/airflow/dags/banking_fraud_pipeline_dag.py
[2026-06-28T22:31:26.198+0000] {logging_mixin.py:190} INFO - [2026-06-28T22:31:26.198+0000] {dag.py:3211} INFO - Sync 1 DAGs
[2026-06-28T22:31:26.211+0000] {logging_mixin.py:190} INFO - [2026-06-28T22:31:26.211+0000] {dag.py:4138} INFO - Setting next_dagrun for banking_fraud_pipeline to None, run_after=None
[2026-06-28T22:31:26.259+0000] {processor.py:208} INFO - Processing /opt/airflow/dags/banking_fraud_pipeline_dag.py took 1.120 seconds
[2026-06-28T22:31:56.829+0000] {processor.py:186} INFO - Started process (PID=554) to work on /opt/airflow/dags/banking_fraud_pipeline_dag.py
[2026-06-28T22:31:56.831+0000] {processor.py:914} INFO - Processing file /opt/airflow/dags/banking_fraud_pipeline_dag.py for tasks to queue
[2026-06-28T22:31:56.836+0000] {logging_mixin.py:190} INFO - [2026-06-28T22:31:56.835+0000] {dagbag.py:587} INFO - Filling up the DagBag from /opt/airflow/dags/banking_fraud_pipeline_dag.py
[2026-06-28T22:31:57.795+0000] {processor.py:925} INFO - DAG(s) 'banking_fraud_pipeline' retrieved from /opt/airflow/dags/banking_fraud_pipeline_dag.py
[2026-06-28T22:31:57.862+0000] {logging_mixin.py:190} INFO - [2026-06-28T22:31:57.862+0000] {dag.py:3211} INFO - Sync 1 DAGs
[2026-06-28T22:31:57.883+0000] {logging_mixin.py:190} INFO - [2026-06-28T22:31:57.882+0000] {dag.py:4138} INFO - Setting next_dagrun for banking_fraud_pipeline to None, run_after=None
[2026-06-28T22:31:57.903+0000] {processor.py:208} INFO - Processing /opt/airflow/dags/banking_fraud_pipeline_dag.py took 1.087 seconds
[2026-06-28T22:32:28.055+0000] {processor.py:186} INFO - Started process (PID=560) to work on /opt/airflow/dags/banking_fraud_pipeline_dag.py
[2026-06-28T22:32:28.056+0000] {processor.py:914} INFO - Processing file /opt/airflow/dags/banking_fraud_pipeline_dag.py for tasks to queue
[2026-06-28T22:32:28.060+0000] {logging_mixin.py:190} INFO - [2026-06-28T22:32:28.060+0000] {dagbag.py:587} INFO - Filling up the DagBag from /opt/airflow/dags/banking_fraud_pipeline_dag.py
[2026-06-28T22:32:28.902+0000] {processor.py:925} INFO - DAG(s) 'banking_fraud_pipeline' retrieved from /opt/airflow/dags/banking_fraud_pipeline_dag.py
[2026-06-28T22:32:28.941+0000] {logging_mixin.py:190} INFO - [2026-06-28T22:32:28.940+0000] {dag.py:3211} INFO - Sync 1 DAGs
[2026-06-28T22:32:28.957+0000] {logging_mixin.py:190} INFO - [2026-06-28T22:32:28.957+0000] {dag.py:4138} INFO - Setting next_dagrun for banking_fraud_pipeline to None, run_after=None
[2026-06-28T22:32:28.977+0000] {processor.py:208} INFO - Processing /opt/airflow/dags/banking_fraud_pipeline_dag.py took 0.936 seconds
[2026-06-28T22:32:59.322+0000] {processor.py:186} INFO - Started process (PID=566) to work on /opt/airflow/dags/banking_fraud_pipeline_dag.py
[2026-06-28T22:32:59.325+0000] {processor.py:914} INFO - Processing file /opt/airflow/dags/banking_fraud_pipeline_dag.py for tasks to queue
[2026-06-28T22:32:59.331+0000] {logging_mixin.py:190} INFO - [2026-06-28T22:32:59.330+0000] {dagbag.py:587} INFO - Filling up the DagBag from /opt/airflow/dags/banking_fraud_pipeline_dag.py
[2026-06-28T22:33:00.546+0000] {processor.py:925} INFO - DAG(s) 'banking_fraud_pipeline' retrieved from /opt/airflow/dags/banking_fraud_pipeline_dag.py
[2026-06-28T22:33:00.581+0000] {logging_mixin.py:190} INFO - [2026-06-28T22:33:00.581+0000] {dag.py:3211} INFO - Sync 1 DAGs
[2026-06-28T22:33:00.599+0000] {logging_mixin.py:190} INFO - [2026-06-28T22:33:00.599+0000] {dag.py:4138} INFO - Setting next_dagrun for banking_fraud_pipeline to None, run_after=None
[2026-06-28T22:33:00.622+0000] {processor.py:208} INFO - Processing /opt/airflow/dags/banking_fraud_pipeline_dag.py took 1.315 seconds
[2026-06-28T22:33:30.913+0000] {processor.py:186} INFO - Started process (PID=572) to work on /opt/airflow/dags/banking_fraud_pipeline_dag.py
[2026-06-28T22:33:30.915+0000] {processor.py:914} INFO - Processing file /opt/airflow/dags/banking_fraud_pipeline_dag.py for tasks to queue
[2026-06-28T22:33:30.922+0000] {logging_mixin.py:190} INFO - [2026-06-28T22:33:30.921+0000] {dagbag.py:587} INFO - Filling up the DagBag from /opt/airflow/dags/banking_fraud_pipeline_dag.py
[2026-06-28T22:33:32.012+0000] {processor.py:925} INFO - DAG(s) 'banking_fraud_pipeline' retrieved from /opt/airflow/dags/banking_fraud_pipeline_dag.py
[2026-06-28T22:33:32.050+0000] {logging_mixin.py:190} INFO - [2026-06-28T22:33:32.049+0000] {dag.py:3211} INFO - Sync 1 DAGs
[2026-06-28T22:33:32.071+0000] {logging_mixin.py:190} INFO - [2026-06-28T22:33:32.071+0000] {dag.py:4138} INFO - Setting next_dagrun for banking_fraud_pipeline to None, run_after=None
[2026-06-28T22:33:32.098+0000] {processor.py:208} INFO - Processing /opt/airflow/dags/banking_fraud_pipeline_dag.py took 1.198 seconds
[2026-06-28T22:34:02.407+0000] {processor.py:186} INFO - Started process (PID=578) to work on /opt/airflow/dags/banking_fraud_pipeline_dag.py
[2026-06-28T22:34:02.409+0000] {processor.py:914} INFO - Processing file /opt/airflow/dags/banking_fraud_pipeline_dag.py for tasks to queue
[2026-06-28T22:34:02.413+0000] {logging_mixin.py:190} INFO - [2026-06-28T22:34:02.413+0000] {dagbag.py:587} INFO - Filling up the DagBag from /opt/airflow/dags/banking_fraud_pipeline_dag.py
[2026-06-28T22:34:03.413+0000] {processor.py:925} INFO - DAG(s) 'banking_fraud_pipeline' retrieved from /opt/airflow/dags/banking_fraud_pipeline_dag.py
[2026-06-28T22:34:03.452+0000] {logging_mixin.py:190} INFO - [2026-06-28T22:34:03.449+0000] {dag.py:3211} INFO - Sync 1 DAGs
[2026-06-28T22:34:03.473+0000] {logging_mixin.py:190} INFO - [2026-06-28T22:34:03.473+0000] {dag.py:4138} INFO - Setting next_dagrun for banking_fraud_pipeline to None, run_after=None
[2026-06-28T22:34:03.510+0000] {processor.py:208} INFO - Processing /opt/airflow/dags/banking_fraud_pipeline_dag.py took 1.113 seconds
[2026-06-28T22:34:33.655+0000] {processor.py:186} INFO - Started process (PID=584) to work on /opt/airflow/dags/banking_fraud_pipeline_dag.py
[2026-06-28T22:34:33.657+0000] {processor.py:914} INFO - Processing file /opt/airflow/dags/banking_fraud_pipeline_dag.py for tasks to queue
[2026-06-28T22:34:33.661+0000] {logging_mixin.py:190} INFO - [2026-06-28T22:34:33.661+0000] {dagbag.py:587} INFO - Filling up the DagBag from /opt/airflow/dags/banking_fraud_pipeline_dag.py
[2026-06-28T22:34:34.758+0000] {processor.py:925} INFO - DAG(s) 'banking_fraud_pipeline' retrieved from /opt/airflow/dags/banking_fraud_pipeline_dag.py
[2026-06-28T22:34:34.809+0000] {logging_mixin.py:190} INFO - [2026-06-28T22:34:34.808+0000] {dag.py:3211} INFO - Sync 1 DAGs
[2026-06-28T22:34:34.834+0000] {logging_mixin.py:190} INFO - [2026-06-28T22:34:34.834+0000] {dag.py:4138} INFO - Setting next_dagrun for banking_fraud_pipeline to None, run_after=None
[2026-06-28T22:34:34.863+0000] {processor.py:208} INFO - Processing /opt/airflow/dags/banking_fraud_pipeline_dag.py took 1.221 seconds
[2026-06-28T22:35:05.050+0000] {processor.py:186} INFO - Started process (PID=590) to work on /opt/airflow/dags/banking_fraud_pipeline_dag.py
[2026-06-28T22:35:05.052+0000] {processor.py:914} INFO - Processing file /opt/airflow/dags/banking_fraud_pipeline_dag.py for tasks to queue
[2026-06-28T22:35:05.057+0000] {logging_mixin.py:190} INFO - [2026-06-28T22:35:05.057+0000] {dagbag.py:587} INFO - Filling up the DagBag from /opt/airflow/dags/banking_fraud_pipeline_dag.py
[2026-06-28T22:35:05.938+0000] {processor.py:925} INFO - DAG(s) 'banking_fraud_pipeline' retrieved from /opt/airflow/dags/banking_fraud_pipeline_dag.py
[2026-06-28T22:35:05.963+0000] {logging_mixin.py:190} INFO - [2026-06-28T22:35:05.963+0000] {dag.py:3211} INFO - Sync 1 DAGs
[2026-06-28T22:35:05.977+0000] {logging_mixin.py:190} INFO - [2026-06-28T22:35:05.977+0000] {dag.py:4138} INFO - Setting next_dagrun for banking_fraud_pipeline to None, run_after=None
[2026-06-28T22:35:05.993+0000] {processor.py:208} INFO - Processing /opt/airflow/dags/banking_fraud_pipeline_dag.py took 0.968 seconds
[2026-06-28T22:35:36.242+0000] {processor.py:186} INFO - Started process (PID=596) to work on /opt/airflow/dags/banking_fraud_pipeline_dag.py
[2026-06-28T22:35:36.243+0000] {processor.py:914} INFO - Processing file /opt/airflow/dags/banking_fraud_pipeline_dag.py for tasks to queue
[2026-06-28T22:35:36.249+0000] {logging_mixin.py:190} INFO - [2026-06-28T22:35:36.248+0000] {dagbag.py:587} INFO - Filling up the DagBag from /opt/airflow/dags/banking_fraud_pipeline_dag.py
[2026-06-28T22:35:37.243+0000] {processor.py:925} INFO - DAG(s) 'banking_fraud_pipeline' retrieved from /opt/airflow/dags/banking_fraud_pipeline_dag.py
[2026-06-28T22:35:37.270+0000] {logging_mixin.py:190} INFO - [2026-06-28T22:35:37.269+0000] {dag.py:3211} INFO - Sync 1 DAGs
[2026-06-28T22:35:37.284+0000] {logging_mixin.py:190} INFO - [2026-06-28T22:35:37.284+0000] {dag.py:4138} INFO - Setting next_dagrun for banking_fraud_pipeline to None, run_after=None
[2026-06-28T22:35:37.301+0000] {processor.py:208} INFO - Processing /opt/airflow/dags/banking_fraud_pipeline_dag.py took 1.068 seconds
[2026-06-28T22:36:07.589+0000] {processor.py:186} INFO - Started process (PID=602) to work on /opt/airflow/dags/banking_fraud_pipeline_dag.py
[2026-06-28T22:36:07.592+0000] {processor.py:914} INFO - Processing file /opt/airflow/dags/banking_fraud_pipeline_dag.py for tasks to queue
[2026-06-28T22:36:07.601+0000] {logging_mixin.py:190} INFO - [2026-06-28T22:36:07.600+0000] {dagbag.py:587} INFO - Filling up the DagBag from /opt/airflow/dags/banking_fraud_pipeline_dag.py
[2026-06-28T22:36:08.678+0000] {processor.py:925} INFO - DAG(s) 'banking_fraud_pipeline' retrieved from /opt/airflow/dags/banking_fraud_pipeline_dag.py
[2026-06-28T22:36:08.709+0000] {logging_mixin.py:190} INFO - [2026-06-28T22:36:08.708+0000] {dag.py:3211} INFO - Sync 1 DAGs
[2026-06-28T22:36:08.723+0000] {logging_mixin.py:190} INFO - [2026-06-28T22:36:08.723+0000] {dag.py:4138} INFO - Setting next_dagrun for banking_fraud_pipeline to None, run_after=None
[2026-06-28T22:36:08.742+0000] {processor.py:208} INFO - Processing /opt/airflow/dags/banking_fraud_pipeline_dag.py took 1.172 seconds
[2026-06-28T22:36:38.841+0000] {processor.py:186} INFO - Started process (PID=608) to work on /opt/airflow/dags/banking_fraud_pipeline_dag.py
[2026-06-28T22:36:38.843+0000] {processor.py:914} INFO - Processing file /opt/airflow/dags/banking_fraud_pipeline_dag.py for tasks to queue
[2026-06-28T22:36:38.846+0000] {logging_mixin.py:190} INFO - [2026-06-28T22:36:38.846+0000] {dagbag.py:587} INFO - Filling up the DagBag from /opt/airflow/dags/banking_fraud_pipeline_dag.py
[2026-06-28T22:36:39.910+0000] {processor.py:925} INFO - DAG(s) 'banking_fraud_pipeline' retrieved from /opt/airflow/dags/banking_fraud_pipeline_dag.py
[2026-06-28T22:36:39.970+0000] {logging_mixin.py:190} INFO - [2026-06-28T22:36:39.968+0000] {dag.py:3211} INFO - Sync 1 DAGs
[2026-06-28T22:36:39.984+0000] {logging_mixin.py:190} INFO - [2026-06-28T22:36:39.984+0000] {dag.py:4138} INFO - Setting next_dagrun for banking_fraud_pipeline to None, run_after=None
[2026-06-28T22:36:40.002+0000] {processor.py:208} INFO - Processing /opt/airflow/dags/banking_fraud_pipeline_dag.py took 1.170 seconds
[2026-06-28T22:37:10.363+0000] {processor.py:186} INFO - Started process (PID=614) to work on /opt/airflow/dags/banking_fraud_pipeline_dag.py
[2026-06-28T22:37:10.365+0000] {processor.py:914} INFO - Processing file /opt/airflow/dags/banking_fraud_pipeline_dag.py for tasks to queue
[2026-06-28T22:37:10.369+0000] {logging_mixin.py:190} INFO - [2026-06-28T22:37:10.369+0000] {dagbag.py:587} INFO - Filling up the DagBag from /opt/airflow/dags/banking_fraud_pipeline_dag.py
[2026-06-28T22:37:11.407+0000] {processor.py:925} INFO - DAG(s) 'banking_fraud_pipeline' retrieved from /opt/airflow/dags/banking_fraud_pipeline_dag.py
[2026-06-28T22:37:11.497+0000] {logging_mixin.py:190} INFO - [2026-06-28T22:37:11.496+0000] {dag.py:3211} INFO - Sync 1 DAGs
[2026-06-28T22:37:11.518+0000] {logging_mixin.py:190} INFO - [2026-06-28T22:37:11.517+0000] {dag.py:4138} INFO - Setting next_dagrun for banking_fraud_pipeline to None, run_after=None
[2026-06-28T22:37:11.540+0000] {processor.py:208} INFO - Processing /opt/airflow/dags/banking_fraud_pipeline_dag.py took 1.189 seconds
[2026-06-28T22:37:41.718+0000] {processor.py:186} INFO - Started process (PID=620) to work on /opt/airflow/dags/banking_fraud_pipeline_dag.py
[2026-06-28T22:37:41.720+0000] {processor.py:914} INFO - Processing file /opt/airflow/dags/banking_fraud_pipeline_dag.py for tasks to queue
[2026-06-28T22:37:41.724+0000] {logging_mixin.py:190} INFO - [2026-06-28T22:37:41.723+0000] {dagbag.py:587} INFO - Filling up the DagBag from /opt/airflow/dags/banking_fraud_pipeline_dag.py
[2026-06-28T22:37:42.683+0000] {processor.py:925} INFO - DAG(s) 'banking_fraud_pipeline' retrieved from /opt/airflow/dags/banking_fraud_pipeline_dag.py
[2026-06-28T22:37:42.733+0000] {logging_mixin.py:190} INFO - [2026-06-28T22:37:42.732+0000] {dag.py:3211} INFO - Sync 1 DAGs
[2026-06-28T22:37:42.747+0000] {logging_mixin.py:190} INFO - [2026-06-28T22:37:42.747+0000] {dag.py:4138} INFO - Setting next_dagrun for banking_fraud_pipeline to None, run_after=None
[2026-06-28T22:37:42.764+0000] {processor.py:208} INFO - Processing /opt/airflow/dags/banking_fraud_pipeline_dag.py took 1.056 seconds
[2026-06-28T22:38:13.157+0000] {processor.py:186} INFO - Started process (PID=626) to work on /opt/airflow/dags/banking_fraud_pipeline_dag.py
[2026-06-28T22:38:13.158+0000] {processor.py:914} INFO - Processing file /opt/airflow/dags/banking_fraud_pipeline_dag.py for tasks to queue
[2026-06-28T22:38:13.163+0000] {logging_mixin.py:190} INFO - [2026-06-28T22:38:13.162+0000] {dagbag.py:587} INFO - Filling up the DagBag from /opt/airflow/dags/banking_fraud_pipeline_dag.py
[2026-06-28T22:38:14.514+0000] {processor.py:925} INFO - DAG(s) 'banking_fraud_pipeline' retrieved from /opt/airflow/dags/banking_fraud_pipeline_dag.py
[2026-06-28T22:38:14.560+0000] {logging_mixin.py:190} INFO - [2026-06-28T22:38:14.560+0000] {dag.py:3211} INFO - Sync 1 DAGs
[2026-06-28T22:38:14.577+0000] {logging_mixin.py:190} INFO - [2026-06-28T22:38:14.576+0000] {dag.py:4138} INFO - Setting next_dagrun for banking_fraud_pipeline to None, run_after=None
[2026-06-28T22:38:14.602+0000] {processor.py:208} INFO - Processing /opt/airflow/dags/banking_fraud_pipeline_dag.py took 1.458 seconds
[2026-06-28T22:38:44.985+0000] {processor.py:186} INFO - Started process (PID=632) to work on /opt/airflow/dags/banking_fraud_pipeline_dag.py
[2026-06-28T22:38:44.988+0000] {processor.py:914} INFO - Processing file /opt/airflow/dags/banking_fraud_pipeline_dag.py for tasks to queue
[2026-06-28T22:38:44.995+0000] {logging_mixin.py:190} INFO - [2026-06-28T22:38:44.995+0000] {dagbag.py:587} INFO - Filling up the DagBag from /opt/airflow/dags/banking_fraud_pipeline_dag.py
[2026-06-28T22:38:46.154+0000] {processor.py:925} INFO - DAG(s) 'banking_fraud_pipeline' retrieved from /opt/airflow/dags/banking_fraud_pipeline_dag.py
[2026-06-28T22:38:46.185+0000] {logging_mixin.py:190} INFO - [2026-06-28T22:38:46.184+0000] {dag.py:3211} INFO - Sync 1 DAGs
[2026-06-28T22:38:46.200+0000] {logging_mixin.py:190} INFO - [2026-06-28T22:38:46.200+0000] {dag.py:4138} INFO - Setting next_dagrun for banking_fraud_pipeline to None, run_after=None
[2026-06-28T22:38:46.219+0000] {processor.py:208} INFO - Processing /opt/airflow/dags/banking_fraud_pipeline_dag.py took 1.249 seconds
[2026-06-28T22:39:16.522+0000] {processor.py:186} INFO - Started process (PID=638) to work on /opt/airflow/dags/banking_fraud_pipeline_dag.py
[2026-06-28T22:39:16.524+0000] {processor.py:914} INFO - Processing file /opt/airflow/dags/banking_fraud_pipeline_dag.py for tasks to queue
[2026-06-28T22:39:16.528+0000] {logging_mixin.py:190} INFO - [2026-06-28T22:39:16.528+0000] {dagbag.py:587} INFO - Filling up the DagBag from /opt/airflow/dags/banking_fraud_pipeline_dag.py
[2026-06-28T22:39:17.500+0000] {processor.py:925} INFO - DAG(s) 'banking_fraud_pipeline' retrieved from /opt/airflow/dags/banking_fraud_pipeline_dag.py
[2026-06-28T22:39:17.579+0000] {logging_mixin.py:190} INFO - [2026-06-28T22:39:17.578+0000] {dag.py:3211} INFO - Sync 1 DAGs
[2026-06-28T22:39:17.603+0000] {logging_mixin.py:190} INFO - [2026-06-28T22:39:17.602+0000] {dag.py:4138} INFO - Setting next_dagrun for banking_fraud_pipeline to None, run_after=None
[2026-06-28T22:39:17.636+0000] {processor.py:208} INFO - Processing /opt/airflow/dags/banking_fraud_pipeline_dag.py took 1.128 seconds
[2026-06-28T22:39:47.805+0000] {processor.py:186} INFO - Started process (PID=644) to work on /opt/airflow/dags/banking_fraud_pipeline_dag.py
[2026-06-28T22:39:47.808+0000] {processor.py:914} INFO - Processing file /opt/airflow/dags/banking_fraud_pipeline_dag.py for tasks to queue
[2026-06-28T22:39:47.814+0000] {logging_mixin.py:190} INFO - [2026-06-28T22:39:47.813+0000] {dagbag.py:587} INFO - Filling up the DagBag from /opt/airflow/dags/banking_fraud_pipeline_dag.py
[2026-06-28T22:39:48.665+0000] {processor.py:925} INFO - DAG(s) 'banking_fraud_pipeline' retrieved from /opt/airflow/dags/banking_fraud_pipeline_dag.py
[2026-06-28T22:39:48.699+0000] {logging_mixin.py:190} INFO - [2026-06-28T22:39:48.695+0000] {dag.py:3211} INFO - Sync 1 DAGs
[2026-06-28T22:39:48.715+0000] {logging_mixin.py:190} INFO - [2026-06-28T22:39:48.715+0000] {dag.py:4138} INFO - Setting next_dagrun for banking_fraud_pipeline to None, run_after=None
[2026-06-28T22:39:48.734+0000] {processor.py:208} INFO - Processing /opt/airflow/dags/banking_fraud_pipeline_dag.py took 0.939 seconds
[2026-06-28T22:40:19.204+0000] {processor.py:186} INFO - Started process (PID=650) to work on /opt/airflow/dags/banking_fraud_pipeline_dag.py
[2026-06-28T22:40:19.206+0000] {processor.py:914} INFO - Processing file /opt/airflow/dags/banking_fraud_pipeline_dag.py for tasks to queue
[2026-06-28T22:40:19.210+0000] {logging_mixin.py:190} INFO - [2026-06-28T22:40:19.209+0000] {dagbag.py:587} INFO - Filling up the DagBag from /opt/airflow/dags/banking_fraud_pipeline_dag.py
[2026-06-28T22:40:20.437+0000] {processor.py:925} INFO - DAG(s) 'banking_fraud_pipeline' retrieved from /opt/airflow/dags/banking_fraud_pipeline_dag.py
[2026-06-28T22:40:20.475+0000] {logging_mixin.py:190} INFO - [2026-06-28T22:40:20.475+0000] {dag.py:3211} INFO - Sync 1 DAGs
[2026-06-28T22:40:20.507+0000] {logging_mixin.py:190} INFO - [2026-06-28T22:40:20.507+0000] {dag.py:4138} INFO - Setting next_dagrun for banking_fraud_pipeline to None, run_after=None
[2026-06-28T22:40:20.528+0000] {processor.py:208} INFO - Processing /opt/airflow/dags/banking_fraud_pipeline_dag.py took 1.333 seconds
[2026-06-28T22:40:50.902+0000] {processor.py:186} INFO - Started process (PID=656) to work on /opt/airflow/dags/banking_fraud_pipeline_dag.py
[2026-06-28T22:40:50.904+0000] {processor.py:914} INFO - Processing file /opt/airflow/dags/banking_fraud_pipeline_dag.py for tasks to queue
[2026-06-28T22:40:50.908+0000] {logging_mixin.py:190} INFO - [2026-06-28T22:40:50.908+0000] {dagbag.py:587} INFO - Filling up the DagBag from /opt/airflow/dags/banking_fraud_pipeline_dag.py
[2026-06-28T22:40:51.842+0000] {processor.py:925} INFO - DAG(s) 'banking_fraud_pipeline' retrieved from /opt/airflow/dags/banking_fraud_pipeline_dag.py
[2026-06-28T22:40:51.882+0000] {logging_mixin.py:190} INFO - [2026-06-28T22:40:51.881+0000] {dag.py:3211} INFO - Sync 1 DAGs
[2026-06-28T22:40:51.900+0000] {logging_mixin.py:190} INFO - [2026-06-28T22:40:51.900+0000] {dag.py:4138} INFO - Setting next_dagrun for banking_fraud_pipeline to None, run_after=None
[2026-06-28T22:40:51.924+0000] {processor.py:208} INFO - Processing /opt/airflow/dags/banking_fraud_pipeline_dag.py took 1.033 seconds
[2026-06-28T22:41:22.128+0000] {processor.py:186} INFO - Started process (PID=662) to work on /opt/airflow/dags/banking_fraud_pipeline_dag.py
[2026-06-28T22:41:22.129+0000] {processor.py:914} INFO - Processing file /opt/airflow/dags/banking_fraud_pipeline_dag.py for tasks to queue
[2026-06-28T22:41:22.134+0000] {logging_mixin.py:190} INFO - [2026-06-28T22:41:22.133+0000] {dagbag.py:587} INFO - Filling up the DagBag from /opt/airflow/dags/banking_fraud_pipeline_dag.py
[2026-06-28T22:41:23.458+0000] {processor.py:925} INFO - DAG(s) 'banking_fraud_pipeline' retrieved from /opt/airflow/dags/banking_fraud_pipeline_dag.py
[2026-06-28T22:41:23.490+0000] {logging_mixin.py:190} INFO - [2026-06-28T22:41:23.490+0000] {dag.py:3211} INFO - Sync 1 DAGs
[2026-06-28T22:41:23.510+0000] {logging_mixin.py:190} INFO - [2026-06-28T22:41:23.510+0000] {dag.py:4138} INFO - Setting next_dagrun for banking_fraud_pipeline to None, run_after=None
[2026-06-28T22:41:23.536+0000] {processor.py:208} INFO - Processing /opt/airflow/dags/banking_fraud_pipeline_dag.py took 1.416 seconds
[2026-06-28T22:41:53.773+0000] {processor.py:186} INFO - Started process (PID=668) to work on /opt/airflow/dags/banking_fraud_pipeline_dag.py
[2026-06-28T22:41:53.774+0000] {processor.py:914} INFO - Processing file /opt/airflow/dags/banking_fraud_pipeline_dag.py for tasks to queue
[2026-06-28T22:41:53.777+0000] {logging_mixin.py:190} INFO - [2026-06-28T22:41:53.777+0000] {dagbag.py:587} INFO - Filling up the DagBag from /opt/airflow/dags/banking_fraud_pipeline_dag.py
[2026-06-28T22:41:54.925+0000] {processor.py:925} INFO - DAG(s) 'banking_fraud_pipeline' retrieved from /opt/airflow/dags/banking_fraud_pipeline_dag.py
[2026-06-28T22:41:54.954+0000] {logging_mixin.py:190} INFO - [2026-06-28T22:41:54.953+0000] {dag.py:3211} INFO - Sync 1 DAGs
[2026-06-28T22:41:54.970+0000] {logging_mixin.py:190} INFO - [2026-06-28T22:41:54.970+0000] {dag.py:4138} INFO - Setting next_dagrun for banking_fraud_pipeline to None, run_after=None
[2026-06-28T22:41:54.990+0000] {processor.py:208} INFO - Processing /opt/airflow/dags/banking_fraud_pipeline_dag.py took 1.223 seconds
[2026-06-28T22:42:25.205+0000] {processor.py:186} INFO - Started process (PID=674) to work on /opt/airflow/dags/banking_fraud_pipeline_dag.py
[2026-06-28T22:42:25.206+0000] {processor.py:914} INFO - Processing file /opt/airflow/dags/banking_fraud_pipeline_dag.py for tasks to queue
[2026-06-28T22:42:25.209+0000] {logging_mixin.py:190} INFO - [2026-06-28T22:42:25.209+0000] {dagbag.py:587} INFO - Filling up the DagBag from /opt/airflow/dags/banking_fraud_pipeline_dag.py
[2026-06-28T22:42:26.141+0000] {processor.py:925} INFO - DAG(s) 'banking_fraud_pipeline' retrieved from /opt/airflow/dags/banking_fraud_pipeline_dag.py
[2026-06-28T22:42:26.172+0000] {logging_mixin.py:190} INFO - [2026-06-28T22:42:26.170+0000] {dag.py:3211} INFO - Sync 1 DAGs
[2026-06-28T22:42:26.185+0000] {logging_mixin.py:190} INFO - [2026-06-28T22:42:26.185+0000] {dag.py:4138} INFO - Setting next_dagrun for banking_fraud_pipeline to None, run_after=None
[2026-06-28T22:42:26.202+0000] {processor.py:208} INFO - Processing /opt/airflow/dags/banking_fraud_pipeline_dag.py took 1.004 seconds
[2026-06-28T22:42:56.416+0000] {processor.py:186} INFO - Started process (PID=680) to work on /opt/airflow/dags/banking_fraud_pipeline_dag.py
[2026-06-28T22:42:56.417+0000] {processor.py:914} INFO - Processing file /opt/airflow/dags/banking_fraud_pipeline_dag.py for tasks to queue
[2026-06-28T22:42:56.420+0000] {logging_mixin.py:190} INFO - [2026-06-28T22:42:56.419+0000] {dagbag.py:587} INFO - Filling up the DagBag from /opt/airflow/dags/banking_fraud_pipeline_dag.py
[2026-06-28T22:42:57.423+0000] {processor.py:925} INFO - DAG(s) 'banking_fraud_pipeline' retrieved from /opt/airflow/dags/banking_fraud_pipeline_dag.py
[2026-06-28T22:42:57.460+0000] {logging_mixin.py:190} INFO - [2026-06-28T22:42:57.459+0000] {dag.py:3211} INFO - Sync 1 DAGs
[2026-06-28T22:42:57.490+0000] {logging_mixin.py:190} INFO - [2026-06-28T22:42:57.489+0000] {dag.py:4138} INFO - Setting next_dagrun for banking_fraud_pipeline to None, run_after=None
[2026-06-28T22:42:57.513+0000] {processor.py:208} INFO - Processing /opt/airflow/dags/banking_fraud_pipeline_dag.py took 1.105 seconds
[2026-06-28T22:43:27.677+0000] {processor.py:186} INFO - Started process (PID=686) to work on /opt/airflow/dags/banking_fraud_pipeline_dag.py
[2026-06-28T22:43:27.680+0000] {processor.py:914} INFO - Processing file /opt/airflow/dags/banking_fraud_pipeline_dag.py for tasks to queue
[2026-06-28T22:43:27.685+0000] {logging_mixin.py:190} INFO - [2026-06-28T22:43:27.684+0000] {dagbag.py:587} INFO - Filling up the DagBag from /opt/airflow/dags/banking_fraud_pipeline_dag.py
[2026-06-28T22:43:28.684+0000] {processor.py:925} INFO - DAG(s) 'banking_fraud_pipeline' retrieved from /opt/airflow/dags/banking_fraud_pipeline_dag.py
[2026-06-28T22:43:28.723+0000] {logging_mixin.py:190} INFO - [2026-06-28T22:43:28.722+0000] {dag.py:3211} INFO - Sync 1 DAGs
[2026-06-28T22:43:28.745+0000] {logging_mixin.py:190} INFO - [2026-06-28T22:43:28.745+0000] {dag.py:4138} INFO - Setting next_dagrun for banking_fraud_pipeline to None, run_after=None
[2026-06-28T22:43:28.769+0000] {processor.py:208} INFO - Processing /opt/airflow/dags/banking_fraud_pipeline_dag.py took 1.103 seconds
[2026-06-28T22:43:59.093+0000] {processor.py:186} INFO - Started process (PID=692) to work on /opt/airflow/dags/banking_fraud_pipeline_dag.py
[2026-06-28T22:43:59.095+0000] {processor.py:914} INFO - Processing file /opt/airflow/dags/banking_fraud_pipeline_dag.py for tasks to queue
[2026-06-28T22:43:59.099+0000] {logging_mixin.py:190} INFO - [2026-06-28T22:43:59.099+0000] {dagbag.py:587} INFO - Filling up the DagBag from /opt/airflow/dags/banking_fraud_pipeline_dag.py
[2026-06-28T22:43:59.980+0000] {processor.py:925} INFO - DAG(s) 'banking_fraud_pipeline' retrieved from /opt/airflow/dags/banking_fraud_pipeline_dag.py
[2026-06-28T22:44:00.020+0000] {logging_mixin.py:190} INFO - [2026-06-28T22:44:00.019+0000] {dag.py:3211} INFO - Sync 1 DAGs
[2026-06-28T22:44:00.042+0000] {logging_mixin.py:190} INFO - [2026-06-28T22:44:00.042+0000] {dag.py:4138} INFO - Setting next_dagrun for banking_fraud_pipeline to None, run_after=None
[2026-06-28T22:44:00.062+0000] {processor.py:208} INFO - Processing /opt/airflow/dags/banking_fraud_pipeline_dag.py took 0.978 seconds
[2026-06-28T22:44:30.304+0000] {processor.py:186} INFO - Started process (PID=698) to work on /opt/airflow/dags/banking_fraud_pipeline_dag.py
[2026-06-28T22:44:30.305+0000] {processor.py:914} INFO - Processing file /opt/airflow/dags/banking_fraud_pipeline_dag.py for tasks to queue
[2026-06-28T22:44:30.310+0000] {logging_mixin.py:190} INFO - [2026-06-28T22:44:30.309+0000] {dagbag.py:587} INFO - Filling up the DagBag from /opt/airflow/dags/banking_fraud_pipeline_dag.py
[2026-06-28T22:44:31.358+0000] {processor.py:925} INFO - DAG(s) 'banking_fraud_pipeline' retrieved from /opt/airflow/dags/banking_fraud_pipeline_dag.py
[2026-06-28T22:44:31.396+0000] {logging_mixin.py:190} INFO - [2026-06-28T22:44:31.395+0000] {dag.py:3211} INFO - Sync 1 DAGs
[2026-06-28T22:44:31.413+0000] {logging_mixin.py:190} INFO - [2026-06-28T22:44:31.412+0000] {dag.py:4138} INFO - Setting next_dagrun for banking_fraud_pipeline to None, run_after=None
[2026-06-28T22:44:31.438+0000] {processor.py:208} INFO - Processing /opt/airflow/dags/banking_fraud_pipeline_dag.py took 1.145 seconds
