[2026-06-29T23:26:33.785+0000] {local_task_job_runner.py:123} INFO - ::group::Pre task execution logs
[2026-06-29T23:26:33.814+0000] {taskinstance.py:2603} INFO - Dependencies all met for dep_context=non-requeueable deps ti=<TaskInstance: banking_fraud_pipeline.extract manual__2026-06-29T23:26:30.994658+00:00 [queued]>
[2026-06-29T23:26:33.826+0000] {taskinstance.py:2603} INFO - Dependencies all met for dep_context=requeueable deps ti=<TaskInstance: banking_fraud_pipeline.extract manual__2026-06-29T23:26:30.994658+00:00 [queued]>
[2026-06-29T23:26:33.827+0000] {taskinstance.py:2856} INFO - Starting attempt 1 of 2
[2026-06-29T23:26:33.842+0000] {taskinstance.py:2879} INFO - Executing <Task(PythonOperator): extract> on 2026-06-29 23:26:30.994658+00:00
[2026-06-29T23:26:33.908+0000] {logging_mixin.py:190} WARNING - /home/airflow/.local/lib/python3.12/site-packages/airflow/task/task_runner/standard_task_runner.py:70 DeprecationWarning: This process (pid=370) is multi-threaded, use of fork() may lead to deadlocks in the child.
[2026-06-29T23:26:33.910+0000] {standard_task_runner.py:72} INFO - Started process 372 to run task
[2026-06-29T23:26:33.908+0000] {standard_task_runner.py:104} INFO - Running: ['airflow', 'tasks', 'run', 'banking_fraud_pipeline', 'extract', 'manual__2026-06-29T23:26:30.994658+00:00', '--job-id', '33', '--raw', '--subdir', 'DAGS_FOLDER/banking_fraud_pipeline_dag.py', '--cfg-path', '/tmp/tmp5us1ma52']
[2026-06-29T23:26:33.911+0000] {standard_task_runner.py:105} INFO - Job 33: Subtask extract
[2026-06-29T23:26:34.167+0000] {task_command.py:467} INFO - Running <TaskInstance: banking_fraud_pipeline.extract manual__2026-06-29T23:26:30.994658+00:00 [running]> on host 436f876ddd92
[2026-06-29T23:26:34.338+0000] {taskinstance.py:3122} INFO - Exporting env vars: AIRFLOW_CTX_DAG_OWNER='abhinav' AIRFLOW_CTX_DAG_ID='banking_fraud_pipeline' AIRFLOW_CTX_TASK_ID='extract' AIRFLOW_CTX_EXECUTION_DATE='2026-06-29T23:26:30.994658+00:00' AIRFLOW_CTX_TRY_NUMBER='1' AIRFLOW_CTX_DAG_RUN_ID='manual__2026-06-29T23:26:30.994658+00:00'
[2026-06-29T23:26:34.339+0000] {taskinstance.py:731} INFO - ::endgroup::
[2026-06-29T23:26:34.406+0000] {extract.py:14} INFO - Starting extraction process
[2026-06-29T23:26:34.414+0000] {extract.py:23} INFO - Found 2 files
[2026-06-29T23:26:34.415+0000] {extract.py:29} INFO - Reading file: transactions_2026_01_01.csv
[2026-06-29T23:26:34.528+0000] {extract.py:33} INFO - transactions_2026_01_01.csv contains 10 records
[2026-06-29T23:26:34.529+0000] {extract.py:29} INFO - Reading file: transactions_2026_01_02.csv
[2026-06-29T23:26:34.566+0000] {extract.py:33} INFO - transactions_2026_01_02.csv contains 10 records
[2026-06-29T23:26:34.567+0000] {extract.py:44} INFO - Total records extracted: 20
[2026-06-29T23:26:34.595+0000] {python.py:240} INFO - Done. Returned value was: None
[2026-06-29T23:26:34.643+0000] {taskinstance.py:340} INFO - ::group::Post task execution logs
[2026-06-29T23:26:34.644+0000] {taskinstance.py:352} INFO - Marking task as SUCCESS. dag_id=banking_fraud_pipeline, task_id=extract, run_id=manual__2026-06-29T23:26:30.994658+00:00, execution_date=20260629T232630, start_date=20260629T232633, end_date=20260629T232634
[2026-06-29T23:26:34.690+0000] {local_task_job_runner.py:261} INFO - Task exited with return code 0
[2026-06-29T23:26:34.723+0000] {taskinstance.py:3891} INFO - 1 downstream tasks scheduled from follow-on schedule check
[2026-06-29T23:26:34.726+0000] {local_task_job_runner.py:240} INFO - ::endgroup::
