[2026-06-28T22:12:02.494+0000] {local_task_job_runner.py:123} INFO - ::group::Pre task execution logs
[2026-06-28T22:12:02.515+0000] {taskinstance.py:2603} INFO - Dependencies all met for dep_context=non-requeueable deps ti=<TaskInstance: banking_fraud_pipeline.run_pipeline manual__2026-06-28T22:06:52.465735+00:00 [queued]>
[2026-06-28T22:12:02.523+0000] {taskinstance.py:2603} INFO - Dependencies all met for dep_context=requeueable deps ti=<TaskInstance: banking_fraud_pipeline.run_pipeline manual__2026-06-28T22:06:52.465735+00:00 [queued]>
[2026-06-28T22:12:02.524+0000] {taskinstance.py:2856} INFO - Starting attempt 2 of 2
[2026-06-28T22:12:02.535+0000] {taskinstance.py:2879} INFO - Executing <Task(PythonOperator): run_pipeline> on 2026-06-28 22:06:52.465735+00:00
[2026-06-28T22:12:02.642+0000] {logging_mixin.py:190} WARNING - /home/airflow/.local/lib/python3.12/site-packages/airflow/task/task_runner/standard_task_runner.py:70 DeprecationWarning: This process (pid=318) is multi-threaded, use of fork() may lead to deadlocks in the child.
[2026-06-28T22:12:02.644+0000] {standard_task_runner.py:72} INFO - Started process 320 to run task
[2026-06-28T22:12:02.642+0000] {standard_task_runner.py:104} INFO - Running: ['airflow', 'tasks', 'run', 'banking_fraud_pipeline', 'run_pipeline', 'manual__2026-06-28T22:06:52.465735+00:00', '--job-id', '6', '--raw', '--subdir', 'DAGS_FOLDER/banking_fraud_pipeline_dag.py', '--cfg-path', '/tmp/tmp87r2m4ur']
[2026-06-28T22:12:02.646+0000] {standard_task_runner.py:105} INFO - Job 6: Subtask run_pipeline
[2026-06-28T22:12:02.819+0000] {task_command.py:467} INFO - Running <TaskInstance: banking_fraud_pipeline.run_pipeline manual__2026-06-28T22:06:52.465735+00:00 [running]> on host 0008bf1c3df7
[2026-06-28T22:12:02.912+0000] {taskinstance.py:3122} INFO - Exporting env vars: AIRFLOW_CTX_DAG_OWNER='abhinav' AIRFLOW_CTX_DAG_ID='banking_fraud_pipeline' AIRFLOW_CTX_TASK_ID='run_pipeline' AIRFLOW_CTX_EXECUTION_DATE='2026-06-28T22:06:52.465735+00:00' AIRFLOW_CTX_TRY_NUMBER='2' AIRFLOW_CTX_DAG_RUN_ID='manual__2026-06-28T22:06:52.465735+00:00'
[2026-06-28T22:12:02.914+0000] {taskinstance.py:731} INFO - ::endgroup::
[2026-06-28T22:12:02.927+0000] {extract.py:12} INFO - Starting extraction process
[2026-06-28T22:12:02.932+0000] {extract.py:21} INFO - Found 2 files
[2026-06-28T22:12:02.933+0000] {extract.py:27} INFO - Reading file: transactions_2026_01_01.csv
[2026-06-28T22:12:02.947+0000] {extract.py:31} INFO - transactions_2026_01_01.csv contains 10 records
[2026-06-28T22:12:02.947+0000] {extract.py:27} INFO - Reading file: transactions_2026_01_02.csv
[2026-06-28T22:12:02.952+0000] {extract.py:31} INFO - transactions_2026_01_02.csv contains 10 records
[2026-06-28T22:12:02.954+0000] {extract.py:42} INFO - Total records extracted: 20
[2026-06-28T22:12:02.954+0000] {validate.py:9} INFO - Starting validation
[2026-06-28T22:12:02.954+0000] {taskinstance.py:3301} ERROR - Task failed with exception
Traceback (most recent call last):
  File "/home/airflow/.local/lib/python3.12/site-packages/airflow/models/taskinstance.py", line 767, in _execute_task
    result = _execute_callable(context=context, **execute_callable_kwargs)
             ^^^^^^^^^^^^^^^^^^^^^^^^^^^^^^^^^^^^^^^^^^^^^^^^^^^^^^^^^^^^^
  File "/home/airflow/.local/lib/python3.12/site-packages/airflow/models/taskinstance.py", line 733, in _execute_callable
    return ExecutionCallableRunner(
           ^^^^^^^^^^^^^^^^^^^^^^^^
  File "/home/airflow/.local/lib/python3.12/site-packages/airflow/utils/operator_helpers.py", line 252, in run
    return self.func(*args, **kwargs)
           ^^^^^^^^^^^^^^^^^^^^^^^^^^
  File "/home/airflow/.local/lib/python3.12/site-packages/airflow/models/baseoperator.py", line 406, in wrapper
    return func(self, *args, **kwargs)
           ^^^^^^^^^^^^^^^^^^^^^^^^^^^
  File "/home/airflow/.local/lib/python3.12/site-packages/airflow/operators/python.py", line 238, in execute
    return_value = self.execute_callable()
                   ^^^^^^^^^^^^^^^^^^^^^^^
  File "/home/airflow/.local/lib/python3.12/site-packages/airflow/operators/python.py", line 256, in execute_callable
    return runner.run(*self.op_args, **self.op_kwargs)
           ^^^^^^^^^^^^^^^^^^^^^^^^^^^^^^^^^^^^^^^^^^^
  File "/home/airflow/.local/lib/python3.12/site-packages/airflow/utils/operator_helpers.py", line 252, in run
    return self.func(*args, **kwargs)
           ^^^^^^^^^^^^^^^^^^^^^^^^^^
  File "/opt/airflow/project/main.py", line 12, in run_pipeline
    df = validate_data(df)
         ^^^^^^^^^^^^^^^^^
  File "/opt/airflow/project/etl/validate.py", line 11, in validate_data
    config = load_config()
             ^^^^^^^^^^^^^
  File "/opt/airflow/project/etl/config_loader.py", line 5, in load_config
    with open(
         ^^^^^
FileNotFoundError: [Errno 2] No such file or directory: 'config/config.yaml'
[2026-06-28T22:12:02.977+0000] {taskinstance.py:1225} INFO - Marking task as FAILED. dag_id=banking_fraud_pipeline, task_id=run_pipeline, run_id=manual__2026-06-28T22:06:52.465735+00:00, execution_date=20260628T220652, start_date=20260628T221202, end_date=20260628T221202
[2026-06-28T22:12:02.988+0000] {taskinstance.py:340} INFO - ::group::Post task execution logs
[2026-06-28T22:12:02.989+0000] {standard_task_runner.py:124} ERROR - Failed to execute job 6 for task run_pipeline ([Errno 2] No such file or directory: 'config/config.yaml'; 320)
Traceback (most recent call last):
  File "/home/airflow/.local/lib/python3.12/site-packages/airflow/task/task_runner/standard_task_runner.py", line 117, in _start_by_fork
    ret = args.func(args, dag=self.dag)
          ^^^^^^^^^^^^^^^^^^^^^^^^^^^^^
  File "/home/airflow/.local/lib/python3.12/site-packages/airflow/cli/cli_config.py", line 49, in command
    return func(*args, **kwargs)
           ^^^^^^^^^^^^^^^^^^^^^
  File "/home/airflow/.local/lib/python3.12/site-packages/airflow/utils/cli.py", line 115, in wrapper
    return f(*args, **kwargs)
           ^^^^^^^^^^^^^^^^^^
  File "/home/airflow/.local/lib/python3.12/site-packages/airflow/cli/commands/task_command.py", line 483, in task_run
    task_return_code = _run_task_by_selected_method(args, _dag, ti)
                       ^^^^^^^^^^^^^^^^^^^^^^^^^^^^^^^^^^^^^^^^^^^^
  File "/home/airflow/.local/lib/python3.12/site-packages/airflow/cli/commands/task_command.py", line 256, in _run_task_by_selected_method
    return _run_raw_task(args, ti)
           ^^^^^^^^^^^^^^^^^^^^^^^
  File "/home/airflow/.local/lib/python3.12/site-packages/airflow/cli/commands/task_command.py", line 341, in _run_raw_task
    return ti._run_raw_task(
           ^^^^^^^^^^^^^^^^^
  File "/home/airflow/.local/lib/python3.12/site-packages/airflow/utils/session.py", line 97, in wrapper
    return func(*args, session=session, **kwargs)
           ^^^^^^^^^^^^^^^^^^^^^^^^^^^^^^^^^^^^^^
  File "/home/airflow/.local/lib/python3.12/site-packages/airflow/models/taskinstance.py", line 2995, in _run_raw_task
    return _run_raw_task(
           ^^^^^^^^^^^^^^
  File "/home/airflow/.local/lib/python3.12/site-packages/airflow/models/taskinstance.py", line 273, in _run_raw_task
    TaskInstance._execute_task_with_callbacks(
  File "/home/airflow/.local/lib/python3.12/site-packages/airflow/models/taskinstance.py", line 3149, in _execute_task_with_callbacks
    result = self._execute_task(context, task_orig)
             ^^^^^^^^^^^^^^^^^^^^^^^^^^^^^^^^^^^^^^
  File "/home/airflow/.local/lib/python3.12/site-packages/airflow/models/taskinstance.py", line 3173, in _execute_task
    return _execute_task(self, context, task_orig)
           ^^^^^^^^^^^^^^^^^^^^^^^^^^^^^^^^^^^^^^^
  File "/home/airflow/.local/lib/python3.12/site-packages/airflow/models/taskinstance.py", line 767, in _execute_task
    result = _execute_callable(context=context, **execute_callable_kwargs)
             ^^^^^^^^^^^^^^^^^^^^^^^^^^^^^^^^^^^^^^^^^^^^^^^^^^^^^^^^^^^^^
  File "/home/airflow/.local/lib/python3.12/site-packages/airflow/models/taskinstance.py", line 733, in _execute_callable
    return ExecutionCallableRunner(
           ^^^^^^^^^^^^^^^^^^^^^^^^
  File "/home/airflow/.local/lib/python3.12/site-packages/airflow/utils/operator_helpers.py", line 252, in run
    return self.func(*args, **kwargs)
           ^^^^^^^^^^^^^^^^^^^^^^^^^^
  File "/home/airflow/.local/lib/python3.12/site-packages/airflow/models/baseoperator.py", line 406, in wrapper
    return func(self, *args, **kwargs)
           ^^^^^^^^^^^^^^^^^^^^^^^^^^^
  File "/home/airflow/.local/lib/python3.12/site-packages/airflow/operators/python.py", line 238, in execute
    return_value = self.execute_callable()
                   ^^^^^^^^^^^^^^^^^^^^^^^
  File "/home/airflow/.local/lib/python3.12/site-packages/airflow/operators/python.py", line 256, in execute_callable
    return runner.run(*self.op_args, **self.op_kwargs)
           ^^^^^^^^^^^^^^^^^^^^^^^^^^^^^^^^^^^^^^^^^^^
  File "/home/airflow/.local/lib/python3.12/site-packages/airflow/utils/operator_helpers.py", line 252, in run
    return self.func(*args, **kwargs)
           ^^^^^^^^^^^^^^^^^^^^^^^^^^
  File "/opt/airflow/project/main.py", line 12, in run_pipeline
    df = validate_data(df)
         ^^^^^^^^^^^^^^^^^
  File "/opt/airflow/project/etl/validate.py", line 11, in validate_data
    config = load_config()
             ^^^^^^^^^^^^^
  File "/opt/airflow/project/etl/config_loader.py", line 5, in load_config
    with open(
         ^^^^^
FileNotFoundError: [Errno 2] No such file or directory: 'config/config.yaml'
[2026-06-28T22:12:03.022+0000] {local_task_job_runner.py:261} INFO - Task exited with return code 1
[2026-06-28T22:12:03.044+0000] {taskinstance.py:3891} INFO - 0 downstream tasks scheduled from follow-on schedule check
[2026-06-28T22:12:03.046+0000] {local_task_job_runner.py:240} INFO - ::endgroup::
